{"/Users/kyngo/Freelancer/based-expo/.eslintrc.js": {"path":"/Users/kyngo/Freelancer/based-expo/.eslintrc.js","statementMap":{"0":{"start":{"line":1,"column":0},"end":{"line":78,"column":2}}},"fnMap":{},"branchMap":{},"s":{"0":0},"f":{},"b":{}}
,"/Users/kyngo/Freelancer/based-expo/.prettierrc.js": {"path":"/Users/kyngo/Freelancer/based-expo/.prettierrc.js","statementMap":{"0":{"start":{"line":1,"column":0},"end":{"line":10,"column":2}}},"fnMap":{},"branchMap":{},"s":{"0":0},"f":{},"b":{}}
,"/Users/kyngo/Freelancer/based-expo/app.config.ts": {"path":"/Users/kyngo/Freelancer/based-expo/app.config.ts","statementMap":{"0":{"start":{"line":6,"column":0},"end":{"line":139,"column":2}},"1":{"start":{"line":7,"column":25},"end":{"line":7,"column":45}},"2":{"start":{"line":8,"column":23},"end":{"line":8,"column":62}},"3":{"start":{"line":9,"column":4},"end":{"line":13,"column":5}},"4":{"start":{"line":10,"column":8},"end":{"line":10,"column":44}},"5":{"start":{"line":12,"column":8},"end":{"line":12,"column":71}},"6":{"start":{"line":15,"column":4},"end":{"line":138,"column":6}}},"fnMap":{"0":{"name":"(anonymous_0)","decl":{"start":{"line":6,"column":17},"end":{"line":6,"column":18}},"loc":{"start":{"line":6,"column":48},"end":{"line":139,"column":1}},"line":6}},"branchMap":{"0":{"loc":{"start":{"line":8,"column":31},"end":{"line":8,"column":60}},"type":"binary-expr","locations":[{"start":{"line":8,"column":31},"end":{"line":8,"column":43}},{"start":{"line":8,"column":47},"end":{"line":8,"column":60}}],"line":8},"1":{"loc":{"start":{"line":9,"column":4},"end":{"line":13,"column":5}},"type":"if","locations":[{"start":{"line":9,"column":4},"end":{"line":13,"column":5}},{"start":{"line":11,"column":11},"end":{"line":13,"column":5}}],"line":9},"2":{"loc":{"start":{"line":48,"column":34},"end":{"line":48,"column":77}},"type":"binary-expr","locations":[{"start":{"line":48,"column":34},"end":{"line":48,"column":70}},{"start":{"line":48,"column":74},"end":{"line":48,"column":77}}],"line":48}},"s":{"0":0,"1":0,"2":0,"3":0,"4":0,"5":0,"6":0},"f":{"0":0},"b":{"0":[0,0],"1":[0,0],"2":[0,0]}}
,"/Users/kyngo/Freelancer/based-expo/commitlint.config.js": {"path":"/Users/kyngo/Freelancer/based-expo/commitlint.config.js","statementMap":{},"fnMap":{},"branchMap":{},"s":{},"f":{},"b":{}}
,"/Users/kyngo/Freelancer/based-expo/jest.setup.js": {"path":"/Users/kyngo/Freelancer/based-expo/jest.setup.js","statementMap":{"0":{"start":{"line":7,"column":0},"end":{"line":32,"column":4}},"1":{"start":{"line":7,"column":43},"end":{"line":32,"column":1}},"2":{"start":{"line":21,"column":66},"end":{"line":21,"column":87}},"3":{"start":{"line":24,"column":38},"end":{"line":24,"column":81}},"4":{"start":{"line":25,"column":41},"end":{"line":25,"column":58}},"5":{"start":{"line":35,"column":0},"end":{"line":51,"column":2}},"6":{"start":{"line":37,"column":8},"end":{"line":37,"column":30}},"7":{"start":{"line":40,"column":8},"end":{"line":40,"column":34}},"8":{"start":{"line":43,"column":8},"end":{"line":43,"column":34}},"9":{"start":{"line":46,"column":8},"end":{"line":46,"column":30}},"10":{"start":{"line":49,"column":8},"end":{"line":49,"column":34}},"11":{"start":{"line":54,"column":0},"end":{"line":60,"column":2}},"12":{"start":{"line":55,"column":4},"end":{"line":59,"column":6}},"13":{"start":{"line":56,"column":20},"end":{"line":56,"column":39}},"14":{"start":{"line":57,"column":20},"end":{"line":57,"column":39}},"15":{"start":{"line":63,"column":0},"end":{"line":67,"column":2}},"16":{"start":{"line":65,"column":8},"end":{"line":65,"column":43}},"17":{"start":{"line":70,"column":0},"end":{"line":70,"column":39}},"18":{"start":{"line":73,"column":0},"end":{"line":77,"column":4}},"19":{"start":{"line":73,"column":39},"end":{"line":77,"column":1}}},"fnMap":{"0":{"name":"(anonymous_0)","decl":{"start":{"line":7,"column":36},"end":{"line":7,"column":37}},"loc":{"start":{"line":7,"column":43},"end":{"line":32,"column":1}},"line":7},"1":{"name":"(anonymous_1)","decl":{"start":{"line":21,"column":60},"end":{"line":21,"column":61}},"loc":{"start":{"line":21,"column":66},"end":{"line":21,"column":87}},"line":21},"2":{"name":"(anonymous_2)","decl":{"start":{"line":24,"column":32},"end":{"line":24,"column":33}},"loc":{"start":{"line":24,"column":38},"end":{"line":24,"column":81}},"line":24},"3":{"name":"(anonymous_3)","decl":{"start":{"line":25,"column":35},"end":{"line":25,"column":36}},"loc":{"start":{"line":25,"column":41},"end":{"line":25,"column":58}},"line":25},"4":{"name":"(anonymous_4)","decl":{"start":{"line":36,"column":4},"end":{"line":36,"column":5}},"loc":{"start":{"line":36,"column":18},"end":{"line":38,"column":5}},"line":36},"5":{"name":"(anonymous_5)","decl":{"start":{"line":39,"column":4},"end":{"line":39,"column":5}},"loc":{"start":{"line":39,"column":23},"end":{"line":41,"column":5}},"line":39},"6":{"name":"(anonymous_6)","decl":{"start":{"line":42,"column":4},"end":{"line":42,"column":5}},"loc":{"start":{"line":42,"column":13},"end":{"line":44,"column":5}},"line":42},"7":{"name":"(anonymous_7)","decl":{"start":{"line":45,"column":4},"end":{"line":45,"column":5}},"loc":{"start":{"line":45,"column":16},"end":{"line":47,"column":5}},"line":45},"8":{"name":"(anonymous_8)","decl":{"start":{"line":48,"column":4},"end":{"line":48,"column":5}},"loc":{"start":{"line":48,"column":13},"end":{"line":50,"column":5}},"line":48},"9":{"name":"(anonymous_9)","decl":{"start":{"line":54,"column":23},"end":{"line":54,"column":24}},"loc":{"start":{"line":55,"column":4},"end":{"line":59,"column":6}},"line":55},"10":{"name":"(anonymous_10)","decl":{"start":{"line":56,"column":14},"end":{"line":56,"column":15}},"loc":{"start":{"line":56,"column":20},"end":{"line":56,"column":39}},"line":56},"11":{"name":"(anonymous_11)","decl":{"start":{"line":57,"column":14},"end":{"line":57,"column":15}},"loc":{"start":{"line":57,"column":20},"end":{"line":57,"column":39}},"line":57},"12":{"name":"(anonymous_12)","decl":{"start":{"line":64,"column":4},"end":{"line":64,"column":5}},"loc":{"start":{"line":64,"column":20},"end":{"line":66,"column":5}},"line":64},"13":{"name":"(anonymous_13)","decl":{"start":{"line":73,"column":32},"end":{"line":73,"column":33}},"loc":{"start":{"line":73,"column":39},"end":{"line":77,"column":1}},"line":73}},"branchMap":{"0":{"loc":{"start":{"line":65,"column":8},"end":{"line":65,"column":42}},"type":"binary-expr","locations":[{"start":{"line":65,"column":8},"end":{"line":65,"column":22}},{"start":{"line":65,"column":26},"end":{"line":65,"column":42}}],"line":65}},"s":{"0":0,"1":0,"2":0,"3":0,"4":0,"5":0,"6":0,"7":0,"8":0,"9":0,"10":0,"11":0,"12":0,"13":0,"14":0,"15":0,"16":0,"17":0,"18":0,"19":0},"f":{"0":0,"1":0,"2":0,"3":0,"4":0,"5":0,"6":0,"7":0,"8":0,"9":0,"10":0,"11":0,"12":0,"13":0},"b":{"0":[0,0]}}
,"/Users/kyngo/Freelancer/based-expo/metro.config.js": {"path":"/Users/kyngo/Freelancer/based-expo/metro.config.js","statementMap":{"0":{"start":{"line":1,"column":29},"end":{"line":1,"column":57}},"1":{"start":{"line":2,"column":27},"end":{"line":2,"column":54}},"2":{"start":{"line":4,"column":15},"end":{"line":4,"column":42}},"3":{"start":{"line":6,"column":0},"end":{"line":6,"column":67}}},"fnMap":{},"branchMap":{},"s":{"0":0,"1":0,"2":0,"3":0},"f":{},"b":{}}
,"/Users/kyngo/Freelancer/based-expo/nativewind-env.d.ts": {"path":"/Users/kyngo/Freelancer/based-expo/nativewind-env.d.ts","statementMap":{},"fnMap":{},"branchMap":{},"s":{},"f":{},"b":{}}
,"/Users/kyngo/Freelancer/based-expo/postcss.config.js": {"path":"/Users/kyngo/Freelancer/based-expo/postcss.config.js","statementMap":{"0":{"start":{"line":1,"column":0},"end":{"line":6,"column":1}}},"fnMap":{},"branchMap":{},"s":{"0":0},"f":{},"b":{}}
,"/Users/kyngo/Freelancer/based-expo/tailwind.config.js": {"path":"/Users/kyngo/Freelancer/based-expo/tailwind.config.js","statementMap":{"0":{"start":{"line":2,"column":0},"end":{"line":28,"column":2}}},"fnMap":{},"branchMap":{},"s":{"0":0},"f":{},"b":{}}
,"/Users/kyngo/Freelancer/based-expo/api/request.ts": {"path":"/Users/kyngo/Freelancer/based-expo/api/request.ts","statementMap":{"0":{"start":{"line":12,"column":31},"end":{"line":12,"column":107}},"1":{"start":{"line":13,"column":31},"end":{"line":13,"column":36}},"2":{"start":{"line":15,"column":16},"end":{"line":19,"column":2}},"3":{"start":{"line":21,"column":19},"end":{"line":21,"column":24}},"4":{"start":{"line":22,"column":23},"end":{"line":22,"column":25}},"5":{"start":{"line":24,"column":21},"end":{"line":34,"column":1}},"6":{"start":{"line":25,"column":4},"end":{"line":31,"column":7}},"7":{"start":{"line":26,"column":8},"end":{"line":30,"column":9}},"8":{"start":{"line":27,"column":12},"end":{"line":27,"column":31}},"9":{"start":{"line":29,"column":12},"end":{"line":29,"column":32}},"10":{"start":{"line":33,"column":4},"end":{"line":33,"column":21}},"11":{"start":{"line":36,"column":20},"end":{"line":42,"column":1}},"12":{"start":{"line":38,"column":4},"end":{"line":40,"column":5}},"13":{"start":{"line":39,"column":8},"end":{"line":39,"column":35}},"14":{"start":{"line":41,"column":4},"end":{"line":41,"column":74}},"15":{"start":{"line":44,"column":0},"end":{"line":62,"column":2}},"16":{"start":{"line":47,"column":26},"end":{"line":47,"column":51}},"17":{"start":{"line":48,"column":8},"end":{"line":50,"column":9}},"18":{"start":{"line":49,"column":12},"end":{"line":49,"column":61}},"19":{"start":{"line":51,"column":8},"end":{"line":51,"column":22}},"20":{"start":{"line":55,"column":8},"end":{"line":59,"column":10}},"21":{"start":{"line":60,"column":8},"end":{"line":60,"column":37}},"22":{"start":{"line":64,"column":0},"end":{"line":140,"column":2}},"23":{"start":{"line":65,"column":16},"end":{"line":65,"column":29}},"24":{"start":{"line":68,"column":24},"end":{"line":68,"column":45}},"25":{"start":{"line":69,"column":29},"end":{"line":69,"column":83}},"26":{"start":{"line":71,"column":8},"end":{"line":80,"column":9}},"27":{"start":{"line":72,"column":12},"end":{"line":72,"column":44}},"28":{"start":{"line":73,"column":12},"end":{"line":79,"column":15}},"29":{"start":{"line":77,"column":20},"end":{"line":77,"column":53}},"30":{"start":{"line":83,"column":29},"end":{"line":83,"column":40}},"31":{"start":{"line":84,"column":25},"end":{"line":84,"column":39}},"32":{"start":{"line":85,"column":43},"end":{"line":85,"column":53}},"33":{"start":{"line":86,"column":78},"end":{"line":86,"column":103}},"34":{"start":{"line":87,"column":8},"end":{"line":91,"column":10}},"35":{"start":{"line":92,"column":32},"end":{"line":92,"column":44}},"36":{"start":{"line":93,"column":8},"end":{"line":98,"column":9}},"37":{"start":{"line":94,"column":12},"end":{"line":94,"column":54}},"38":{"start":{"line":96,"column":12},"end":{"line":96,"column":23}},"39":{"start":{"line":97,"column":12},"end":{"line":97,"column":52}},"40":{"start":{"line":99,"column":8},"end":{"line":135,"column":9}},"41":{"start":{"line":103,"column":12},"end":{"line":113,"column":13}},"42":{"start":{"line":104,"column":16},"end":{"line":112,"column":17}},"43":{"start":{"line":105,"column":46},"end":{"line":107,"column":22}},"44":{"start":{"line":106,"column":24},"end":{"line":106,"column":62}},"45":{"start":{"line":108,"column":20},"end":{"line":108,"column":91}},"46":{"start":{"line":109,"column":20},"end":{"line":109,"column":52}},"47":{"start":{"line":111,"column":20},"end":{"line":111,"column":66}},"48":{"start":{"line":114,"column":12},"end":{"line":114,"column":42}},"49":{"start":{"line":115,"column":12},"end":{"line":115,"column":41}},"50":{"start":{"line":116,"column":12},"end":{"line":116,"column":32}},"51":{"start":{"line":118,"column":12},"end":{"line":134,"column":13}},"52":{"start":{"line":119,"column":45},"end":{"line":121,"column":18}},"53":{"start":{"line":122,"column":48},"end":{"line":122,"column":73}},"54":{"start":{"line":123,"column":16},"end":{"line":123,"column":52}},"55":{"start":{"line":124,"column":16},"end":{"line":124,"column":74}},"56":{"start":{"line":125,"column":16},"end":{"line":125,"column":42}},"57":{"start":{"line":126,"column":16},"end":{"line":126,"column":48}},"58":{"start":{"line":129,"column":16},"end":{"line":129,"column":27}},"59":{"start":{"line":130,"column":16},"end":{"line":130,"column":40}},"60":{"start":{"line":131,"column":16},"end":{"line":131,"column":62}},"61":{"start":{"line":133,"column":16},"end":{"line":133,"column":37}},"62":{"start":{"line":136,"column":8},"end":{"line":136,"column":65}},"63":{"start":{"line":137,"column":8},"end":{"line":137,"column":42}},"64":{"start":{"line":138,"column":8},"end":{"line":138,"column":56}}},"fnMap":{"0":{"name":"(anonymous_0)","decl":{"start":{"line":24,"column":21},"end":{"line":24,"column":22}},"loc":{"start":{"line":24,"column":78},"end":{"line":34,"column":1}},"line":24},"1":{"name":"(anonymous_1)","decl":{"start":{"line":25,"column":24},"end":{"line":25,"column":25}},"loc":{"start":{"line":25,"column":39},"end":{"line":31,"column":5}},"line":25},"2":{"name":"(anonymous_2)","decl":{"start":{"line":36,"column":20},"end":{"line":36,"column":21}},"loc":{"start":{"line":36,"column":60},"end":{"line":42,"column":1}},"line":36},"3":{"name":"(anonymous_3)","decl":{"start":{"line":45,"column":4},"end":{"line":45,"column":5}},"loc":{"start":{"line":45,"column":50},"end":{"line":52,"column":5}},"line":45},"4":{"name":"(anonymous_4)","decl":{"start":{"line":53,"column":4},"end":{"line":53,"column":5}},"loc":{"start":{"line":53,"column":13},"end":{"line":61,"column":5}},"line":53},"5":{"name":"(anonymous_5)","decl":{"start":{"line":65,"column":4},"end":{"line":65,"column":5}},"loc":{"start":{"line":65,"column":16},"end":{"line":65,"column":29}},"line":65},"6":{"name":"(anonymous_6)","decl":{"start":{"line":66,"column":4},"end":{"line":66,"column":5}},"loc":{"start":{"line":66,"column":19},"end":{"line":139,"column":5}},"line":66},"7":{"name":"(anonymous_7)","decl":{"start":{"line":76,"column":27},"end":{"line":76,"column":28}},"loc":{"start":{"line":76,"column":33},"end":{"line":78,"column":17}},"line":76},"8":{"name":"(anonymous_8)","decl":{"start":{"line":105,"column":64},"end":{"line":105,"column":65}},"loc":{"start":{"line":105,"column":95},"end":{"line":107,"column":21}},"line":105}},"branchMap":{"0":{"loc":{"start":{"line":24,"column":34},"end":{"line":24,"column":73}},"type":"default-arg","locations":[{"start":{"line":24,"column":69},"end":{"line":24,"column":73}}],"line":24},"1":{"loc":{"start":{"line":26,"column":8},"end":{"line":30,"column":9}},"type":"if","locations":[{"start":{"line":26,"column":8},"end":{"line":30,"column":9}},{"start":{"line":28,"column":15},"end":{"line":30,"column":9}}],"line":26},"2":{"loc":{"start":{"line":38,"column":4},"end":{"line":40,"column":5}},"type":"if","locations":[{"start":{"line":38,"column":4},"end":{"line":40,"column":5}},{"start":{},"end":{}}],"line":38},"3":{"loc":{"start":{"line":48,"column":8},"end":{"line":50,"column":9}},"type":"if","locations":[{"start":{"line":48,"column":8},"end":{"line":50,"column":9}},{"start":{},"end":{}}],"line":48},"4":{"loc":{"start":{"line":69,"column":29},"end":{"line":69,"column":83}},"type":"binary-expr","locations":[{"start":{"line":69,"column":29},"end":{"line":69,"column":58}},{"start":{"line":69,"column":62},"end":{"line":69,"column":83}}],"line":69},"5":{"loc":{"start":{"line":71,"column":8},"end":{"line":80,"column":9}},"type":"if","locations":[{"start":{"line":71,"column":8},"end":{"line":80,"column":9}},{"start":{},"end":{}}],"line":71},"6":{"loc":{"start":{"line":71,"column":12},"end":{"line":71,"column":63}},"type":"binary-expr","locations":[{"start":{"line":71,"column":12},"end":{"line":71,"column":34}},{"start":{"line":71,"column":38},"end":{"line":71,"column":63}}],"line":71},"7":{"loc":{"start":{"line":83,"column":29},"end":{"line":83,"column":40}},"type":"binary-expr","locations":[{"start":{"line":83,"column":29},"end":{"line":83,"column":34}},{"start":{"line":83,"column":38},"end":{"line":83,"column":40}}],"line":83},"8":{"loc":{"start":{"line":84,"column":25},"end":{"line":84,"column":39}},"type":"binary-expr","locations":[{"start":{"line":84,"column":25},"end":{"line":84,"column":33}},{"start":{"line":84,"column":37},"end":{"line":84,"column":39}}],"line":84},"9":{"loc":{"start":{"line":85,"column":43},"end":{"line":85,"column":53}},"type":"binary-expr","locations":[{"start":{"line":85,"column":43},"end":{"line":85,"column":47}},{"start":{"line":85,"column":51},"end":{"line":85,"column":53}}],"line":85},"10":{"loc":{"start":{"line":93,"column":8},"end":{"line":98,"column":9}},"type":"if","locations":[{"start":{"line":93,"column":8},"end":{"line":98,"column":9}},{"start":{},"end":{}}],"line":93},"11":{"loc":{"start":{"line":99,"column":8},"end":{"line":135,"column":9}},"type":"if","locations":[{"start":{"line":99,"column":8},"end":{"line":135,"column":9}},{"start":{},"end":{}}],"line":99},"12":{"loc":{"start":{"line":100,"column":12},"end":{"line":101,"column":34}},"type":"binary-expr","locations":[{"start":{"line":100,"column":14},"end":{"line":100,"column":28}},{"start":{"line":100,"column":32},"end":{"line":100,"column":61}},{"start":{"line":100,"column":66},"end":{"line":100,"column":97}},{"start":{"line":101,"column":12},"end":{"line":101,"column":34}}],"line":100},"13":{"loc":{"start":{"line":103,"column":12},"end":{"line":113,"column":13}},"type":"if","locations":[{"start":{"line":103,"column":12},"end":{"line":113,"column":13}},{"start":{},"end":{}}],"line":103},"14":{"loc":{"start":{"line":136,"column":24},"end":{"line":136,"column":64}},"type":"binary-expr","locations":[{"start":{"line":136,"column":24},"end":{"line":136,"column":36}},{"start":{"line":136,"column":40},"end":{"line":136,"column":64}}],"line":136},"15":{"loc":{"start":{"line":137,"column":27},"end":{"line":137,"column":41}},"type":"binary-expr","locations":[{"start":{"line":137,"column":27},"end":{"line":137,"column":35}},{"start":{"line":137,"column":39},"end":{"line":137,"column":41}}],"line":137}},"s":{"0":0,"1":0,"2":0,"3":0,"4":0,"5":0,"6":0,"7":0,"8":0,"9":0,"10":0,"11":0,"12":0,"13":0,"14":0,"15":0,"16":0,"17":0,"18":0,"19":0,"20":0,"21":0,"22":0,"23":0,"24":0,"25":0,"26":0,"27":0,"28":0,"29":0,"30":0,"31":0,"32":0,"33":0,"34":0,"35":0,"36":0,"37":0,"38":0,"39":0,"40":0,"41":0,"42":0,"43":0,"44":0,"45":0,"46":0,"47":0,"48":0,"49":0,"50":0,"51":0,"52":0,"53":0,"54":0,"55":0,"56":0,"57":0,"58":0,"59":0,"60":0,"61":0,"62":0,"63":0,"64":0},"f":{"0":0,"1":0,"2":0,"3":0,"4":0,"5":0,"6":0,"7":0,"8":0},"b":{"0":[0],"1":[0,0],"2":[0,0],"3":[0,0],"4":[0,0],"5":[0,0],"6":[0,0],"7":[0,0],"8":[0,0],"9":[0,0],"10":[0,0],"11":[0,0],"12":[0,0,0,0],"13":[0,0],"14":[0,0],"15":[0,0]}}
,"/Users/kyngo/Freelancer/based-expo/api/interface/authenticate.ts": {"path":"/Users/kyngo/Freelancer/based-expo/api/interface/authenticate.ts","statementMap":{},"fnMap":{},"branchMap":{},"s":{},"f":{},"b":{}}
,"/Users/kyngo/Freelancer/based-expo/api/interface/general.ts": {"path":"/Users/kyngo/Freelancer/based-expo/api/interface/general.ts","statementMap":{},"fnMap":{},"branchMap":{},"s":{},"f":{},"b":{}}
,"/Users/kyngo/Freelancer/based-expo/api/modules/api-app/authenticate.ts": {"path":"/Users/kyngo/Freelancer/based-expo/api/modules/api-app/authenticate.ts","statementMap":{"0":{"start":{"line":6,"column":26},"end":{"line":7,"column":90}},"1":{"start":{"line":7,"column":4},"end":{"line":7,"column":90}},"2":{"start":{"line":8,"column":21},"end":{"line":8,"column":85}},"3":{"start":{"line":8,"column":51},"end":{"line":8,"column":85}},"4":{"start":{"line":9,"column":24},"end":{"line":9,"column":85}},"5":{"start":{"line":9,"column":48},"end":{"line":9,"column":85}},"6":{"start":{"line":10,"column":30},"end":{"line":10,"column":96}},"7":{"start":{"line":10,"column":49},"end":{"line":10,"column":96}},"8":{"start":{"line":11,"column":33},"end":{"line":11,"column":105}},"9":{"start":{"line":11,"column":52},"end":{"line":11,"column":105}},"10":{"start":{"line":12,"column":29},"end":{"line":12,"column":101}},"11":{"start":{"line":12,"column":48},"end":{"line":12,"column":101}},"12":{"start":{"line":13,"column":31},"end":{"line":14,"column":69}},"13":{"start":{"line":14,"column":4},"end":{"line":14,"column":69}},"14":{"start":{"line":15,"column":29},"end":{"line":16,"column":77}},"15":{"start":{"line":16,"column":4},"end":{"line":16,"column":77}}},"fnMap":{"0":{"name":"(anonymous_0)","decl":{"start":{"line":6,"column":26},"end":{"line":6,"column":27}},"loc":{"start":{"line":7,"column":4},"end":{"line":7,"column":90}},"line":7},"1":{"name":"(anonymous_1)","decl":{"start":{"line":8,"column":21},"end":{"line":8,"column":22}},"loc":{"start":{"line":8,"column":51},"end":{"line":8,"column":85}},"line":8},"2":{"name":"(anonymous_2)","decl":{"start":{"line":9,"column":24},"end":{"line":9,"column":25}},"loc":{"start":{"line":9,"column":48},"end":{"line":9,"column":85}},"line":9},"3":{"name":"(anonymous_3)","decl":{"start":{"line":10,"column":30},"end":{"line":10,"column":31}},"loc":{"start":{"line":10,"column":49},"end":{"line":10,"column":96}},"line":10},"4":{"name":"(anonymous_4)","decl":{"start":{"line":11,"column":33},"end":{"line":11,"column":34}},"loc":{"start":{"line":11,"column":52},"end":{"line":11,"column":105}},"line":11},"5":{"name":"(anonymous_5)","decl":{"start":{"line":12,"column":29},"end":{"line":12,"column":30}},"loc":{"start":{"line":12,"column":48},"end":{"line":12,"column":101}},"line":12},"6":{"name":"(anonymous_6)","decl":{"start":{"line":13,"column":31},"end":{"line":13,"column":32}},"loc":{"start":{"line":14,"column":4},"end":{"line":14,"column":69}},"line":14},"7":{"name":"(anonymous_7)","decl":{"start":{"line":15,"column":29},"end":{"line":15,"column":30}},"loc":{"start":{"line":16,"column":4},"end":{"line":16,"column":77}},"line":16}},"branchMap":{"0":{"loc":{"start":{"line":7,"column":27},"end":{"line":7,"column":89}},"type":"cond-expr","locations":[{"start":{"line":7,"column":35},"end":{"line":7,"column":84}},{"start":{"line":7,"column":87},"end":{"line":7,"column":89}}],"line":7}},"s":{"0":0,"1":0,"2":0,"3":0,"4":0,"5":0,"6":0,"7":0,"8":0,"9":0,"10":0,"11":0,"12":0,"13":0,"14":0,"15":0},"f":{"0":0,"1":0,"2":0,"3":0,"4":0,"5":0,"6":0,"7":0},"b":{"0":[0,0]}}
,"/Users/kyngo/Freelancer/based-expo/api/modules/api-app/general.ts": {"path":"/Users/kyngo/Freelancer/based-expo/api/modules/api-app/general.ts","statementMap":{"0":{"start":{"line":5,"column":28},"end":{"line":5,"column":94}},"1":{"start":{"line":5,"column":69},"end":{"line":5,"column":94}},"2":{"start":{"line":6,"column":27},"end":{"line":6,"column":89}},"3":{"start":{"line":6,"column":51},"end":{"line":6,"column":89}}},"fnMap":{"0":{"name":"(anonymous_0)","decl":{"start":{"line":5,"column":28},"end":{"line":5,"column":29}},"loc":{"start":{"line":5,"column":69},"end":{"line":5,"column":94}},"line":5},"1":{"name":"(anonymous_1)","decl":{"start":{"line":6,"column":27},"end":{"line":6,"column":28}},"loc":{"start":{"line":6,"column":51},"end":{"line":6,"column":89}},"line":6}},"branchMap":{},"s":{"0":0,"1":0,"2":0,"3":0},"f":{"0":0,"1":0},"b":{}}
,"/Users/kyngo/Freelancer/based-expo/api/modules/api-app/notification.ts": {"path":"/Users/kyngo/Freelancer/based-expo/api/modules/api-app/notification.ts","statementMap":{"0":{"start":{"line":6,"column":32},"end":{"line":7,"column":40}},"1":{"start":{"line":7,"column":4},"end":{"line":7,"column":40}},"2":{"start":{"line":8,"column":34},"end":{"line":8,"column":112}},"3":{"start":{"line":8,"column":85},"end":{"line":8,"column":112}},"4":{"start":{"line":9,"column":32},"end":{"line":9,"column":86}},"5":{"start":{"line":9,"column":48},"end":{"line":9,"column":86}}},"fnMap":{"0":{"name":"(anonymous_0)","decl":{"start":{"line":6,"column":32},"end":{"line":6,"column":33}},"loc":{"start":{"line":7,"column":4},"end":{"line":7,"column":40}},"line":7},"1":{"name":"(anonymous_1)","decl":{"start":{"line":8,"column":34},"end":{"line":8,"column":35}},"loc":{"start":{"line":8,"column":85},"end":{"line":8,"column":112}},"line":8},"2":{"name":"(anonymous_2)","decl":{"start":{"line":9,"column":32},"end":{"line":9,"column":33}},"loc":{"start":{"line":9,"column":48},"end":{"line":9,"column":86}},"line":9}},"branchMap":{},"s":{"0":0,"1":0,"2":0,"3":0,"4":0,"5":0},"f":{"0":0,"1":0,"2":0},"b":{}}
,"/Users/kyngo/Freelancer/based-expo/app/+not-found.tsx": {"path":"/Users/kyngo/Freelancer/based-expo/app/+not-found.tsx","statementMap":{"0":{"start":{"line":6,"column":4},"end":{"line":16,"column":6}}},"fnMap":{"0":{"name":"NotFoundScreen","decl":{"start":{"line":5,"column":24},"end":{"line":5,"column":38}},"loc":{"start":{"line":5,"column":41},"end":{"line":17,"column":1}},"line":5}},"branchMap":{},"s":{"0":0},"f":{"0":0},"b":{}}
,"/Users/kyngo/Freelancer/based-expo/app/_layout.tsx": {"path":"/Users/kyngo/Freelancer/based-expo/app/_layout.tsx","statementMap":{"0":{"start":{"line":6,"column":4},"end":{"line":10,"column":6}}},"fnMap":{"0":{"name":"RootLayout","decl":{"start":{"line":5,"column":24},"end":{"line":5,"column":34}},"loc":{"start":{"line":5,"column":37},"end":{"line":11,"column":1}},"line":5}},"branchMap":{},"s":{"0":0},"f":{"0":0},"b":{}}
,"/Users/kyngo/Freelancer/based-expo/app/loading.tsx": {"path":"/Users/kyngo/Freelancer/based-expo/app/loading.tsx","statementMap":{"0":{"start":{"line":4,"column":4},"end":{"line":8,"column":6}}},"fnMap":{"0":{"name":"loading","decl":{"start":{"line":3,"column":24},"end":{"line":3,"column":31}},"loc":{"start":{"line":3,"column":34},"end":{"line":9,"column":1}},"line":3}},"branchMap":{},"s":{"0":0},"f":{"0":0},"b":{}}
,"/Users/kyngo/Freelancer/based-expo/app/(main)/_layout.tsx": {"path":"/Users/kyngo/Freelancer/based-expo/app/(main)/_layout.tsx","statementMap":{"0":{"start":{"line":5,"column":4},"end":{"line":44,"column":6}},"1":{"start":{"line":11,"column":47},"end":{"line":11,"column":100}},"2":{"start":{"line":18,"column":47},"end":{"line":18,"column":105}},"3":{"start":{"line":26,"column":47},"end":{"line":26,"column":109}},"4":{"start":{"line":33,"column":47},"end":{"line":33,"column":104}},"5":{"start":{"line":40,"column":47},"end":{"line":40,"column":102}}},"fnMap":{"0":{"name":"MainLayout","decl":{"start":{"line":4,"column":24},"end":{"line":4,"column":34}},"loc":{"start":{"line":4,"column":50},"end":{"line":45,"column":1}},"line":4},"1":{"name":"(anonymous_1)","decl":{"start":{"line":11,"column":32},"end":{"line":11,"column":33}},"loc":{"start":{"line":11,"column":47},"end":{"line":11,"column":100}},"line":11},"2":{"name":"(anonymous_2)","decl":{"start":{"line":18,"column":32},"end":{"line":18,"column":33}},"loc":{"start":{"line":18,"column":47},"end":{"line":18,"column":105}},"line":18},"3":{"name":"(anonymous_3)","decl":{"start":{"line":26,"column":32},"end":{"line":26,"column":33}},"loc":{"start":{"line":26,"column":47},"end":{"line":26,"column":109}},"line":26},"4":{"name":"(anonymous_4)","decl":{"start":{"line":33,"column":32},"end":{"line":33,"column":33}},"loc":{"start":{"line":33,"column":47},"end":{"line":33,"column":104}},"line":33},"5":{"name":"(anonymous_5)","decl":{"start":{"line":40,"column":32},"end":{"line":40,"column":33}},"loc":{"start":{"line":40,"column":47},"end":{"line":40,"column":102}},"line":40}},"branchMap":{},"s":{"0":0,"1":0,"2":0,"3":0,"4":0,"5":0},"f":{"0":0,"1":0,"2":0,"3":0,"4":0,"5":0},"b":{}}
,"/Users/kyngo/Freelancer/based-expo/app/(main)/home/index.tsx": {"path":"/Users/kyngo/Freelancer/based-expo/app/(main)/home/index.tsx","statementMap":{"0":{"start":{"line":17,"column":21},"end":{"line":17,"column":89}},"1":{"start":{"line":17,"column":52},"end":{"line":17,"column":89}},"2":{"start":{"line":20,"column":30},"end":{"line":20,"column":42}},"3":{"start":{"line":21,"column":18},"end":{"line":21,"column":34}},"4":{"start":{"line":22,"column":79},"end":{"line":25,"column":6}},"5":{"start":{"line":27,"column":4},"end":{"line":61,"column":6}},"6":{"start":{"line":34,"column":88},"end":{"line":34,"column":106}},"7":{"start":{"line":35,"column":88},"end":{"line":35,"column":106}},"8":{"start":{"line":43,"column":20},"end":{"line":43,"column":84}},"9":{"start":{"line":56,"column":46},"end":{"line":56,"column":84}}},"fnMap":{"0":{"name":"(anonymous_0)","decl":{"start":{"line":17,"column":21},"end":{"line":17,"column":22}},"loc":{"start":{"line":17,"column":52},"end":{"line":17,"column":89}},"line":17},"1":{"name":"Home","decl":{"start":{"line":19,"column":24},"end":{"line":19,"column":28}},"loc":{"start":{"line":19,"column":31},"end":{"line":62,"column":1}},"line":19},"2":{"name":"(anonymous_2)","decl":{"start":{"line":34,"column":79},"end":{"line":34,"column":80}},"loc":{"start":{"line":34,"column":88},"end":{"line":34,"column":106}},"line":34},"3":{"name":"(anonymous_3)","decl":{"start":{"line":35,"column":79},"end":{"line":35,"column":80}},"loc":{"start":{"line":35,"column":88},"end":{"line":35,"column":106}},"line":35},"4":{"name":"(anonymous_4)","decl":{"start":{"line":42,"column":29},"end":{"line":42,"column":30}},"loc":{"start":{"line":42,"column":35},"end":{"line":44,"column":17}},"line":42},"5":{"name":"(anonymous_5)","decl":{"start":{"line":56,"column":32},"end":{"line":56,"column":33}},"loc":{"start":{"line":56,"column":46},"end":{"line":56,"column":84}},"line":56}},"branchMap":{},"s":{"0":0,"1":0,"2":0,"3":0,"4":0,"5":0,"6":0,"7":0,"8":0,"9":0},"f":{"0":0,"1":0,"2":0,"3":0,"4":0,"5":0},"b":{}}
,"/Users/kyngo/Freelancer/based-expo/app/(main)/message/index.tsx": {"path":"/Users/kyngo/Freelancer/based-expo/app/(main)/message/index.tsx","statementMap":{"0":{"start":{"line":5,"column":4},"end":{"line":9,"column":6}}},"fnMap":{"0":{"name":"Message","decl":{"start":{"line":4,"column":24},"end":{"line":4,"column":31}},"loc":{"start":{"line":4,"column":34},"end":{"line":10,"column":1}},"line":4}},"branchMap":{},"s":{"0":0},"f":{"0":0},"b":{}}
,"/Users/kyngo/Freelancer/based-expo/app/(main)/my-page/index.tsx": {"path":"/Users/kyngo/Freelancer/based-expo/app/(main)/my-page/index.tsx","statementMap":{"0":{"start":{"line":6,"column":25},"end":{"line":6,"column":41}},"1":{"start":{"line":7,"column":4},"end":{"line":12,"column":6}}},"fnMap":{"0":{"name":"MyPage","decl":{"start":{"line":5,"column":24},"end":{"line":5,"column":30}},"loc":{"start":{"line":5,"column":33},"end":{"line":13,"column":1}},"line":5}},"branchMap":{},"s":{"0":0,"1":0},"f":{"0":0},"b":{}}
,"/Users/kyngo/Freelancer/based-expo/app/(main)/notification/index.tsx": {"path":"/Users/kyngo/Freelancer/based-expo/app/(main)/notification/index.tsx","statementMap":{"0":{"start":{"line":5,"column":4},"end":{"line":9,"column":6}}},"fnMap":{"0":{"name":"Notification","decl":{"start":{"line":4,"column":24},"end":{"line":4,"column":36}},"loc":{"start":{"line":4,"column":39},"end":{"line":10,"column":1}},"line":4}},"branchMap":{},"s":{"0":0},"f":{"0":0},"b":{}}
,"/Users/kyngo/Freelancer/based-expo/app/(main)/settings/index.tsx": {"path":"/Users/kyngo/Freelancer/based-expo/app/(main)/settings/index.tsx","statementMap":{"0":{"start":{"line":5,"column":4},"end":{"line":9,"column":6}}},"fnMap":{"0":{"name":"Settings","decl":{"start":{"line":4,"column":24},"end":{"line":4,"column":32}},"loc":{"start":{"line":4,"column":35},"end":{"line":10,"column":1}},"line":4}},"branchMap":{},"s":{"0":0},"f":{"0":0},"b":{}}
,"/Users/kyngo/Freelancer/based-expo/app/auth/_layout.tsx": {"path":"/Users/kyngo/Freelancer/based-expo/app/auth/_layout.tsx","statementMap":{"0":{"start":{"line":4,"column":4},"end":{"line":4,"column":21}}},"fnMap":{"0":{"name":"AuthLayout","decl":{"start":{"line":3,"column":24},"end":{"line":3,"column":34}},"loc":{"start":{"line":3,"column":37},"end":{"line":5,"column":1}},"line":3}},"branchMap":{},"s":{"0":0},"f":{"0":0},"b":{}}
,"/Users/kyngo/Freelancer/based-expo/app/auth/forgot-password.tsx": {"path":"/Users/kyngo/Freelancer/based-expo/app/auth/forgot-password.tsx","statementMap":{"0":{"start":{"line":6,"column":4},"end":{"line":17,"column":6}}},"fnMap":{"0":{"name":"ForgotPassword","decl":{"start":{"line":5,"column":24},"end":{"line":5,"column":38}},"loc":{"start":{"line":5,"column":41},"end":{"line":18,"column":1}},"line":5}},"branchMap":{},"s":{"0":0},"f":{"0":0},"b":{}}
,"/Users/kyngo/Freelancer/based-expo/app/auth/index.tsx": {"path":"/Users/kyngo/Freelancer/based-expo/app/auth/index.tsx","statementMap":{"0":{"start":{"line":4,"column":4},"end":{"line":10,"column":6}}},"fnMap":{"0":{"name":"AuthLayout","decl":{"start":{"line":3,"column":24},"end":{"line":3,"column":34}},"loc":{"start":{"line":3,"column":37},"end":{"line":11,"column":1}},"line":3}},"branchMap":{},"s":{"0":0},"f":{"0":0},"b":{}}
,"/Users/kyngo/Freelancer/based-expo/app/auth/login.tsx": {"path":"/Users/kyngo/Freelancer/based-expo/app/auth/login.tsx","statementMap":{"0":{"start":{"line":7,"column":19},"end":{"line":7,"column":30}},"1":{"start":{"line":8,"column":25},"end":{"line":8,"column":41}},"2":{"start":{"line":10,"column":4},"end":{"line":27,"column":6}},"3":{"start":{"line":18,"column":58},"end":{"line":18,"column":87}},"4":{"start":{"line":19,"column":57},"end":{"line":19,"column":93}},"5":{"start":{"line":23,"column":20},"end":{"line":23,"column":38}}},"fnMap":{"0":{"name":"Login","decl":{"start":{"line":6,"column":24},"end":{"line":6,"column":29}},"loc":{"start":{"line":6,"column":45},"end":{"line":28,"column":1}},"line":6},"1":{"name":"(anonymous_1)","decl":{"start":{"line":18,"column":52},"end":{"line":18,"column":53}},"loc":{"start":{"line":18,"column":58},"end":{"line":18,"column":87}},"line":18},"2":{"name":"(anonymous_2)","decl":{"start":{"line":19,"column":51},"end":{"line":19,"column":52}},"loc":{"start":{"line":19,"column":57},"end":{"line":19,"column":93}},"line":19},"3":{"name":"(anonymous_3)","decl":{"start":{"line":22,"column":25},"end":{"line":22,"column":26}},"loc":{"start":{"line":22,"column":31},"end":{"line":24,"column":17}},"line":22}},"branchMap":{},"s":{"0":0,"1":0,"2":0,"3":0,"4":0,"5":0},"f":{"0":0,"1":0,"2":0,"3":0},"b":{}}
,"/Users/kyngo/Freelancer/based-expo/app/auth/register.tsx": {"path":"/Users/kyngo/Freelancer/based-expo/app/auth/register.tsx","statementMap":{"0":{"start":{"line":6,"column":4},"end":{"line":17,"column":6}}},"fnMap":{"0":{"name":"Register","decl":{"start":{"line":5,"column":24},"end":{"line":5,"column":32}},"loc":{"start":{"line":5,"column":35},"end":{"line":18,"column":1}},"line":5}},"branchMap":{},"s":{"0":0},"f":{"0":0},"b":{}}
,"/Users/kyngo/Freelancer/based-expo/app/profile/[userId].tsx": {"path":"/Users/kyngo/Freelancer/based-expo/app/profile/[userId].tsx","statementMap":{"0":{"start":{"line":6,"column":23},"end":{"line":6,"column":45}},"1":{"start":{"line":8,"column":4},"end":{"line":12,"column":6}}},"fnMap":{"0":{"name":"UserProfile","decl":{"start":{"line":5,"column":24},"end":{"line":5,"column":35}},"loc":{"start":{"line":5,"column":38},"end":{"line":13,"column":1}},"line":5}},"branchMap":{},"s":{"0":0,"1":0},"f":{"0":0},"b":{}}
,"/Users/kyngo/Freelancer/based-expo/app/profile/_layout.tsx": {"path":"/Users/kyngo/Freelancer/based-expo/app/profile/_layout.tsx","statementMap":{"0":{"start":{"line":5,"column":23},"end":{"line":5,"column":45}},"1":{"start":{"line":6,"column":23},"end":{"line":6,"column":38}},"2":{"start":{"line":7,"column":4},"end":{"line":13,"column":11}},"3":{"start":{"line":8,"column":8},"end":{"line":12,"column":17}},"4":{"start":{"line":9,"column":12},"end":{"line":11,"column":15}},"5":{"start":{"line":15,"column":4},"end":{"line":21,"column":6}}},"fnMap":{"0":{"name":"Profile","decl":{"start":{"line":4,"column":24},"end":{"line":4,"column":31}},"loc":{"start":{"line":4,"column":34},"end":{"line":22,"column":1}},"line":4},"1":{"name":"(anonymous_1)","decl":{"start":{"line":7,"column":14},"end":{"line":7,"column":15}},"loc":{"start":{"line":7,"column":20},"end":{"line":13,"column":5}},"line":7},"2":{"name":"(anonymous_2)","decl":{"start":{"line":8,"column":19},"end":{"line":8,"column":20}},"loc":{"start":{"line":8,"column":25},"end":{"line":12,"column":9}},"line":8}},"branchMap":{},"s":{"0":0,"1":0,"2":0,"3":0,"4":0,"5":0},"f":{"0":0,"1":0,"2":0},"b":{}}
,"/Users/kyngo/Freelancer/based-expo/assets/images.ts": {"path":"/Users/kyngo/Freelancer/based-expo/assets/images.ts","statementMap":{"0":{"start":{"line":1,"column":15},"end":{"line":24,"column":1}}},"fnMap":{},"branchMap":{},"s":{"0":0},"f":{},"b":{}}
,"/Users/kyngo/Freelancer/based-expo/assets/themes.ts": {"path":"/Users/kyngo/Freelancer/based-expo/assets/themes.ts","statementMap":{"0":{"start":{"line":1,"column":15},"end":{"line":10,"column":1}},"1":{"start":{"line":12,"column":14},"end":{"line":28,"column":1}},"2":{"start":{"line":30,"column":13},"end":{"line":43,"column":1}},"3":{"start":{"line":45,"column":22},"end":{"line":45,"column":27}},"4":{"start":{"line":47,"column":26},"end":{"line":47,"column":30}}},"fnMap":{},"branchMap":{},"s":{"0":0,"1":0,"2":0,"3":0,"4":0},"f":{},"b":{}}
,"/Users/kyngo/Freelancer/based-expo/assets/locates/en.ts": {"path":"/Users/kyngo/Freelancer/based-expo/assets/locates/en.ts","statementMap":{},"fnMap":{},"branchMap":{},"s":{},"f":{},"b":{}}
,"/Users/kyngo/Freelancer/based-expo/assets/locates/jp.ts": {"path":"/Users/kyngo/Freelancer/based-expo/assets/locates/jp.ts","statementMap":{},"fnMap":{},"branchMap":{},"s":{},"f":{},"b":{}}
,"/Users/kyngo/Freelancer/based-expo/components/base/AlertMessage.ts": {"path":"/Users/kyngo/Freelancer/based-expo/components/base/AlertMessage.ts","statementMap":{"0":{"start":{"line":33,"column":25},"end":{"line":33,"column":84}},"1":{"start":{"line":35,"column":69},"end":{"line":35,"column":74}},"2":{"start":{"line":36,"column":4},"end":{"line":68,"column":5}},"3":{"start":{"line":37,"column":8},"end":{"line":67,"column":10}},"4":{"start":{"line":49,"column":30},"end":{"line":51,"column":31}},"5":{"start":{"line":50,"column":34},"end":{"line":50,"column":46}},"6":{"start":{"line":60,"column":30},"end":{"line":62,"column":31}},"7":{"start":{"line":61,"column":34},"end":{"line":61,"column":46}}},"fnMap":{"0":{"name":"AlertMessage","decl":{"start":{"line":32,"column":9},"end":{"line":32,"column":21}},"loc":{"start":{"line":32,"column":53},"end":{"line":69,"column":1}},"line":32},"1":{"name":"(anonymous_1)","decl":{"start":{"line":48,"column":35},"end":{"line":48,"column":36}},"loc":{"start":{"line":48,"column":41},"end":{"line":52,"column":27}},"line":48},"2":{"name":"(anonymous_2)","decl":{"start":{"line":59,"column":35},"end":{"line":59,"column":36}},"loc":{"start":{"line":59,"column":41},"end":{"line":63,"column":27}},"line":59}},"branchMap":{"0":{"loc":{"start":{"line":33,"column":25},"end":{"line":33,"column":84}},"type":"cond-expr","locations":[{"start":{"line":33,"column":51},"end":{"line":33,"column":67}},{"start":{"line":33,"column":71},"end":{"line":33,"column":83}}],"line":33},"1":{"loc":{"start":{"line":36,"column":4},"end":{"line":68,"column":5}},"type":"if","locations":[{"start":{"line":36,"column":4},"end":{"line":68,"column":5}},{"start":{},"end":{}}],"line":36},"2":{"loc":{"start":{"line":36,"column":10},"end":{"line":36,"column":76}},"type":"binary-expr","locations":[{"start":{"line":36,"column":10},"end":{"line":36,"column":27}},{"start":{"line":36,"column":31},"end":{"line":36,"column":76}}],"line":36},"3":{"loc":{"start":{"line":38,"column":12},"end":{"line":38,"column":23}},"type":"binary-expr","locations":[{"start":{"line":38,"column":12},"end":{"line":38,"column":17}},{"start":{"line":38,"column":21},"end":{"line":38,"column":23}}],"line":38},"4":{"loc":{"start":{"line":40,"column":12},"end":{"line":65,"column":19}},"type":"cond-expr","locations":[{"start":{"line":41,"column":18},"end":{"line":55,"column":19}},{"start":{"line":56,"column":18},"end":{"line":65,"column":19}}],"line":40},"5":{"loc":{"start":{"line":49,"column":30},"end":{"line":51,"column":31}},"type":"if","locations":[{"start":{"line":49,"column":30},"end":{"line":51,"column":31}},{"start":{},"end":{}}],"line":49},"6":{"loc":{"start":{"line":60,"column":30},"end":{"line":62,"column":31}},"type":"if","locations":[{"start":{"line":60,"column":30},"end":{"line":62,"column":31}},{"start":{},"end":{}}],"line":60}},"s":{"0":0,"1":0,"2":0,"3":0,"4":0,"5":0,"6":0,"7":0},"f":{"0":0,"1":0,"2":0},"b":{"0":[0,0],"1":[0,0],"2":[0,0],"3":[0,0],"4":[0,0],"5":[0,0],"6":[0,0]}}
,"/Users/kyngo/Freelancer/based-expo/components/base/CheckBox.tsx": {"path":"/Users/kyngo/Freelancer/based-expo/components/base/CheckBox.tsx","statementMap":{"0":{"start":{"line":20,"column":47},"end":{"line":54,"column":1}},"1":{"start":{"line":29,"column":24},"end":{"line":31,"column":15}},"2":{"start":{"line":30,"column":8},"end":{"line":30,"column":61}},"3":{"start":{"line":33,"column":4},"end":{"line":53,"column":6}}},"fnMap":{"0":{"name":"(anonymous_0)","decl":{"start":{"line":20,"column":47},"end":{"line":20,"column":48}},"loc":{"start":{"line":28,"column":17},"end":{"line":54,"column":1}},"line":28},"1":{"name":"(anonymous_1)","decl":{"start":{"line":29,"column":36},"end":{"line":29,"column":37}},"loc":{"start":{"line":29,"column":42},"end":{"line":31,"column":5}},"line":29}},"branchMap":{"0":{"loc":{"start":{"line":30,"column":20},"end":{"line":30,"column":59}},"type":"cond-expr","locations":[{"start":{"line":30,"column":28},"end":{"line":30,"column":43}},{"start":{"line":30,"column":46},"end":{"line":30,"column":59}}],"line":30},"1":{"loc":{"start":{"line":41,"column":28},"end":{"line":41,"column":95}},"type":"cond-expr","locations":[{"start":{"line":41,"column":36},"end":{"line":41,"column":63}},{"start":{"line":41,"column":66},"end":{"line":41,"column":95}}],"line":41}},"s":{"0":0,"1":0,"2":0,"3":0},"f":{"0":0,"1":0},"b":{"0":[0,0],"1":[0,0]}}
,"/Users/kyngo/Freelancer/based-expo/components/base/RadioButton.tsx": {"path":"/Users/kyngo/Freelancer/based-expo/components/base/RadioButton.tsx","statementMap":{"0":{"start":{"line":17,"column":4},"end":{"line":26,"column":6}},"1":{"start":{"line":18,"column":60},"end":{"line":18,"column":75}}},"fnMap":{"0":{"name":"RadioButton","decl":{"start":{"line":16,"column":9},"end":{"line":16,"column":20}},"loc":{"start":{"line":16,"column":77},"end":{"line":27,"column":1}},"line":16},"1":{"name":"(anonymous_1)","decl":{"start":{"line":18,"column":54},"end":{"line":18,"column":55}},"loc":{"start":{"line":18,"column":60},"end":{"line":18,"column":75}},"line":18}},"branchMap":{"0":{"loc":{"start":{"line":21,"column":22},"end":{"line":21,"column":72}},"type":"cond-expr","locations":[{"start":{"line":21,"column":34},"end":{"line":21,"column":51}},{"start":{"line":21,"column":54},"end":{"line":21,"column":72}}],"line":21},"1":{"loc":{"start":{"line":22,"column":23},"end":{"line":22,"column":64}},"type":"cond-expr","locations":[{"start":{"line":22,"column":34},"end":{"line":22,"column":40}},{"start":{"line":22,"column":43},"end":{"line":22,"column":64}}],"line":22}},"s":{"0":0,"1":0},"f":{"0":0,"1":0},"b":{"0":[0,0],"1":[0,0]}}
,"/Users/kyngo/Freelancer/based-expo/components/base/StyledButton.tsx": {"path":"/Users/kyngo/Freelancer/based-expo/components/base/StyledButton.tsx","statementMap":{"0":{"start":{"line":16,"column":59},"end":{"line":30,"column":1}},"1":{"start":{"line":17,"column":73},"end":{"line":17,"column":78}},"2":{"start":{"line":18,"column":4},"end":{"line":29,"column":6}}},"fnMap":{"0":{"name":"(anonymous_0)","decl":{"start":{"line":16,"column":59},"end":{"line":16,"column":60}},"loc":{"start":{"line":16,"column":89},"end":{"line":30,"column":1}},"line":16}},"branchMap":{"0":{"loc":{"start":{"line":25,"column":13},"end":{"line":25,"column":82}},"type":"binary-expr","locations":[{"start":{"line":25,"column":13},"end":{"line":25,"column":23}},{"start":{"line":25,"column":27},"end":{"line":25,"column":82}}],"line":25},"1":{"loc":{"start":{"line":27,"column":13},"end":{"line":27,"column":82}},"type":"binary-expr","locations":[{"start":{"line":27,"column":13},"end":{"line":27,"column":23}},{"start":{"line":27,"column":27},"end":{"line":27,"column":82}}],"line":27}},"s":{"0":0,"1":0,"2":0},"f":{"0":0},"b":{"0":[0,0],"1":[0,0]}}
,"/Users/kyngo/Freelancer/based-expo/components/base/StyledDateTimePicker.tsx": {"path":"/Users/kyngo/Freelancer/based-expo/components/base/StyledDateTimePicker.tsx","statementMap":{"0":{"start":{"line":31,"column":55},"end":{"line":75,"column":1}},"1":{"start":{"line":41,"column":38},"end":{"line":41,"column":62}},"2":{"start":{"line":42,"column":18},"end":{"line":42,"column":34}},"3":{"start":{"line":43,"column":24},"end":{"line":46,"column":5}},"4":{"start":{"line":44,"column":8},"end":{"line":44,"column":28}},"5":{"start":{"line":45,"column":8},"end":{"line":45,"column":21}},"6":{"start":{"line":48,"column":23},"end":{"line":50,"column":5}},"7":{"start":{"line":49,"column":8},"end":{"line":49,"column":27}},"8":{"start":{"line":52,"column":26},"end":{"line":58,"column":5}},"9":{"start":{"line":53,"column":8},"end":{"line":56,"column":9}},"10":{"start":{"line":54,"column":12},"end":{"line":54,"column":42}},"11":{"start":{"line":55,"column":12},"end":{"line":55,"column":19}},"12":{"start":{"line":57,"column":8},"end":{"line":57,"column":27}},"13":{"start":{"line":60,"column":4},"end":{"line":74,"column":6}}},"fnMap":{"0":{"name":"(anonymous_0)","decl":{"start":{"line":31,"column":55},"end":{"line":31,"column":56}},"loc":{"start":{"line":40,"column":13},"end":{"line":75,"column":1}},"line":40},"1":{"name":"(anonymous_1)","decl":{"start":{"line":43,"column":24},"end":{"line":43,"column":25}},"loc":{"start":{"line":43,"column":30},"end":{"line":46,"column":5}},"line":43},"2":{"name":"(anonymous_2)","decl":{"start":{"line":48,"column":23},"end":{"line":48,"column":24}},"loc":{"start":{"line":48,"column":29},"end":{"line":50,"column":5}},"line":48},"3":{"name":"(anonymous_3)","decl":{"start":{"line":52,"column":26},"end":{"line":52,"column":27}},"loc":{"start":{"line":52,"column":45},"end":{"line":58,"column":5}},"line":52}},"branchMap":{"0":{"loc":{"start":{"line":53,"column":8},"end":{"line":56,"column":9}},"type":"if","locations":[{"start":{"line":53,"column":8},"end":{"line":56,"column":9}},{"start":{},"end":{}}],"line":53}},"s":{"0":0,"1":0,"2":0,"3":0,"4":0,"5":0,"6":0,"7":0,"8":0,"9":0,"10":0,"11":0,"12":0,"13":0},"f":{"0":0,"1":0,"2":0,"3":0},"b":{"0":[0,0]}}
,"/Users/kyngo/Freelancer/based-expo/components/base/StyledIcon.tsx": {"path":"/Users/kyngo/Freelancer/based-expo/components/base/StyledIcon.tsx","statementMap":{"0":{"start":{"line":10,"column":19},"end":{"line":12,"column":1}},"1":{"start":{"line":11,"column":4},"end":{"line":11,"column":117}}},"fnMap":{"0":{"name":"(anonymous_0)","decl":{"start":{"line":10,"column":19},"end":{"line":10,"column":20}},"loc":{"start":{"line":10,"column":48},"end":{"line":12,"column":1}},"line":10}},"branchMap":{"0":{"loc":{"start":{"line":11,"column":40},"end":{"line":11,"column":50}},"type":"binary-expr","locations":[{"start":{"line":11,"column":40},"end":{"line":11,"column":44}},{"start":{"line":11,"column":48},"end":{"line":11,"column":50}}],"line":11},"1":{"loc":{"start":{"line":11,"column":67},"end":{"line":11,"column":77}},"type":"binary-expr","locations":[{"start":{"line":11,"column":67},"end":{"line":11,"column":71}},{"start":{"line":11,"column":75},"end":{"line":11,"column":77}}],"line":11}},"s":{"0":0,"1":0},"f":{"0":0},"b":{"0":[0,0],"1":[0,0]}}
,"/Users/kyngo/Freelancer/based-expo/components/base/StyledImage.tsx": {"path":"/Users/kyngo/Freelancer/based-expo/components/base/StyledImage.tsx","statementMap":{"0":{"start":{"line":6,"column":51},"end":{"line":18,"column":1}},"1":{"start":{"line":7,"column":23},"end":{"line":7,"column":28}},"2":{"start":{"line":8,"column":29},"end":{"line":8,"column":41}},"3":{"start":{"line":9,"column":30},"end":{"line":9,"column":45}},"4":{"start":{"line":11,"column":4},"end":{"line":15,"column":17}},"5":{"start":{"line":12,"column":8},"end":{"line":14,"column":9}},"6":{"start":{"line":13,"column":12},"end":{"line":13,"column":28}},"7":{"start":{"line":17,"column":4},"end":{"line":17,"column":102}},"8":{"start":{"line":17,"column":44},"end":{"line":17,"column":58}}},"fnMap":{"0":{"name":"(anonymous_0)","decl":{"start":{"line":6,"column":51},"end":{"line":6,"column":52}},"loc":{"start":{"line":6,"column":74},"end":{"line":18,"column":1}},"line":6},"1":{"name":"(anonymous_1)","decl":{"start":{"line":11,"column":14},"end":{"line":11,"column":15}},"loc":{"start":{"line":11,"column":20},"end":{"line":15,"column":5}},"line":11},"2":{"name":"(anonymous_2)","decl":{"start":{"line":17,"column":38},"end":{"line":17,"column":39}},"loc":{"start":{"line":17,"column":44},"end":{"line":17,"column":58}},"line":17}},"branchMap":{"0":{"loc":{"start":{"line":12,"column":8},"end":{"line":14,"column":9}},"type":"if","locations":[{"start":{"line":12,"column":8},"end":{"line":14,"column":9}},{"start":{},"end":{}}],"line":12},"1":{"loc":{"start":{"line":17,"column":68},"end":{"line":17,"column":97}},"type":"cond-expr","locations":[{"start":{"line":17,"column":76},"end":{"line":17,"column":88}},{"start":{"line":17,"column":91},"end":{"line":17,"column":97}}],"line":17}},"s":{"0":0,"1":0,"2":0,"3":0,"4":0,"5":0,"6":0,"7":0,"8":0},"f":{"0":0,"1":0,"2":0},"b":{"0":[0,0],"1":[0,0]}}
,"/Users/kyngo/Freelancer/based-expo/components/base/StyledIndicator.tsx": {"path":"/Users/kyngo/Freelancer/based-expo/components/base/StyledIndicator.tsx","statementMap":{"0":{"start":{"line":5,"column":67},"end":{"line":14,"column":1}},"1":{"start":{"line":6,"column":4},"end":{"line":13,"column":6}}},"fnMap":{"0":{"name":"(anonymous_0)","decl":{"start":{"line":5,"column":67},"end":{"line":5,"column":68}},"loc":{"start":{"line":5,"column":102},"end":{"line":14,"column":1}},"line":5}},"branchMap":{},"s":{"0":0,"1":0},"f":{"0":0},"b":{}}
,"/Users/kyngo/Freelancer/based-expo/components/base/StyledInput.tsx": {"path":"/Users/kyngo/Freelancer/based-expo/components/base/StyledInput.tsx","statementMap":{"0":{"start":{"line":33,"column":27},"end":{"line":41,"column":1}},"1":{"start":{"line":34,"column":4},"end":{"line":40,"column":6}},"2":{"start":{"line":43,"column":20},"end":{"line":110,"column":1}},"3":{"start":{"line":44,"column":38},"end":{"line":44,"column":53}},"4":{"start":{"line":45,"column":18},"end":{"line":45,"column":41}},"5":{"start":{"line":63,"column":8},"end":{"line":63,"column":13}},"6":{"start":{"line":65,"column":4},"end":{"line":109,"column":6}},"7":{"start":{"line":79,"column":35},"end":{"line":79,"column":53}},"8":{"start":{"line":80,"column":34},"end":{"line":80,"column":53}}},"fnMap":{"0":{"name":"(anonymous_0)","decl":{"start":{"line":33,"column":27},"end":{"line":33,"column":28}},"loc":{"start":{"line":33,"column":76},"end":{"line":41,"column":1}},"line":33},"1":{"name":"(anonymous_1)","decl":{"start":{"line":43,"column":20},"end":{"line":43,"column":21}},"loc":{"start":{"line":43,"column":59},"end":{"line":110,"column":1}},"line":43},"2":{"name":"(anonymous_2)","decl":{"start":{"line":79,"column":29},"end":{"line":79,"column":30}},"loc":{"start":{"line":79,"column":35},"end":{"line":79,"column":53}},"line":79},"3":{"name":"(anonymous_3)","decl":{"start":{"line":80,"column":28},"end":{"line":80,"column":29}},"loc":{"start":{"line":80,"column":34},"end":{"line":80,"column":53}},"line":80}},"branchMap":{"0":{"loc":{"start":{"line":34,"column":11},"end":{"line":40,"column":5}},"type":"cond-expr","locations":[{"start":{"line":35,"column":8},"end":{"line":37,"column":26}},{"start":{"line":39,"column":8},"end":{"line":39,"column":53}}],"line":34},"1":{"loc":{"start":{"line":52,"column":8},"end":{"line":52,"column":36}},"type":"default-arg","locations":[{"start":{"line":52,"column":30},"end":{"line":52,"column":36}}],"line":52},"2":{"loc":{"start":{"line":56,"column":8},"end":{"line":56,"column":49}},"type":"default-arg","locations":[{"start":{"line":56,"column":31},"end":{"line":56,"column":49}}],"line":56},"3":{"loc":{"start":{"line":57,"column":8},"end":{"line":57,"column":44}},"type":"default-arg","locations":[{"start":{"line":57,"column":31},"end":{"line":57,"column":44}}],"line":57},"4":{"loc":{"start":{"line":58,"column":8},"end":{"line":58,"column":32}},"type":"default-arg","locations":[{"start":{"line":58,"column":27},"end":{"line":58,"column":32}}],"line":58},"5":{"loc":{"start":{"line":59,"column":8},"end":{"line":59,"column":32}},"type":"default-arg","locations":[{"start":{"line":59,"column":26},"end":{"line":59,"column":32}}],"line":59},"6":{"loc":{"start":{"line":67,"column":13},"end":{"line":67,"column":82}},"type":"binary-expr","locations":[{"start":{"line":67,"column":13},"end":{"line":67,"column":20}},{"start":{"line":67,"column":24},"end":{"line":67,"column":82}}],"line":67},"7":{"loc":{"start":{"line":71,"column":49},"end":{"line":71,"column":77}},"type":"binary-expr","locations":[{"start":{"line":71,"column":49},"end":{"line":71,"column":59}},{"start":{"line":71,"column":63},"end":{"line":71,"column":77}}],"line":71},"8":{"loc":{"start":{"line":78,"column":25},"end":{"line":78,"column":37}},"type":"binary-expr","locations":[{"start":{"line":78,"column":25},"end":{"line":78,"column":28}},{"start":{"line":78,"column":32},"end":{"line":78,"column":37}}],"line":78},"9":{"loc":{"start":{"line":84,"column":54},"end":{"line":84,"column":82}},"type":"binary-expr","locations":[{"start":{"line":84,"column":54},"end":{"line":84,"column":64}},{"start":{"line":84,"column":68},"end":{"line":84,"column":82}}],"line":84},"10":{"loc":{"start":{"line":98,"column":17},"end":{"line":100,"column":17}},"type":"binary-expr","locations":[{"start":{"line":98,"column":17},"end":{"line":98,"column":30}},{"start":{"line":99,"column":20},"end":{"line":99,"column":114}}],"line":98},"11":{"loc":{"start":{"line":102,"column":13},"end":{"line":107,"column":13}},"type":"binary-expr","locations":[{"start":{"line":102,"column":13},"end":{"line":102,"column":27}},{"start":{"line":103,"column":16},"end":{"line":106,"column":18}}],"line":102}},"s":{"0":0,"1":0,"2":0,"3":0,"4":0,"5":0,"6":0,"7":0,"8":0},"f":{"0":0,"1":0,"2":0,"3":0},"b":{"0":[0,0],"1":[0],"2":[0],"3":[0],"4":[0],"5":[0],"6":[0,0],"7":[0,0],"8":[0,0],"9":[0,0],"10":[0,0],"11":[0,0]}}
,"/Users/kyngo/Freelancer/based-expo/components/base/StyledInputForm.tsx": {"path":"/Users/kyngo/Freelancer/based-expo/components/base/StyledInputForm.tsx","statementMap":{"0":{"start":{"line":38,"column":24},"end":{"line":86,"column":2}},"1":{"start":{"line":39,"column":18},"end":{"line":39,"column":34}},"2":{"start":{"line":50,"column":8},"end":{"line":50,"column":13}},"3":{"start":{"line":51,"column":24},"end":{"line":51,"column":40}},"4":{"start":{"line":53,"column":4},"end":{"line":56,"column":5}},"5":{"start":{"line":54,"column":8},"end":{"line":54,"column":52}},"6":{"start":{"line":55,"column":8},"end":{"line":55,"column":105}},"7":{"start":{"line":58,"column":24},"end":{"line":58,"column":43}},"8":{"start":{"line":59,"column":29},"end":{"line":59,"column":56}},"9":{"start":{"line":61,"column":26},"end":{"line":63,"column":5}},"10":{"start":{"line":62,"column":8},"end":{"line":62,"column":66}},"11":{"start":{"line":65,"column":28},"end":{"line":75,"column":5}},"12":{"start":{"line":66,"column":8},"end":{"line":74,"column":10}},"13":{"start":{"line":71,"column":63},"end":{"line":71,"column":92}},"14":{"start":{"line":77,"column":4},"end":{"line":85,"column":6}}},"fnMap":{"0":{"name":"(anonymous_0)","decl":{"start":{"line":38,"column":35},"end":{"line":38,"column":36}},"loc":{"start":{"line":38,"column":72},"end":{"line":86,"column":1}},"line":38},"1":{"name":"(anonymous_1)","decl":{"start":{"line":61,"column":26},"end":{"line":61,"column":27}},"loc":{"start":{"line":61,"column":66},"end":{"line":63,"column":5}},"line":61},"2":{"name":"(anonymous_2)","decl":{"start":{"line":65,"column":28},"end":{"line":65,"column":29}},"loc":{"start":{"line":65,"column":102},"end":{"line":75,"column":5}},"line":65},"3":{"name":"(anonymous_3)","decl":{"start":{"line":71,"column":45},"end":{"line":71,"column":46}},"loc":{"start":{"line":71,"column":63},"end":{"line":71,"column":92}},"line":71}},"branchMap":{"0":{"loc":{"start":{"line":43,"column":8},"end":{"line":43,"column":25}},"type":"default-arg","locations":[{"start":{"line":43,"column":23},"end":{"line":43,"column":25}}],"line":43},"1":{"loc":{"start":{"line":45,"column":8},"end":{"line":45,"column":36}},"type":"default-arg","locations":[{"start":{"line":45,"column":25},"end":{"line":45,"column":36}}],"line":45},"2":{"loc":{"start":{"line":47,"column":8},"end":{"line":47,"column":44}},"type":"default-arg","locations":[{"start":{"line":47,"column":30},"end":{"line":47,"column":44}}],"line":47},"3":{"loc":{"start":{"line":53,"column":4},"end":{"line":56,"column":5}},"type":"if","locations":[{"start":{"line":53,"column":4},"end":{"line":56,"column":5}},{"start":{},"end":{}}],"line":53},"4":{"loc":{"start":{"line":53,"column":10},"end":{"line":53,"column":29}},"type":"binary-expr","locations":[{"start":{"line":53,"column":10},"end":{"line":53,"column":21}},{"start":{"line":53,"column":25},"end":{"line":53,"column":29}}],"line":53},"5":{"loc":{"start":{"line":58,"column":24},"end":{"line":58,"column":43}},"type":"binary-expr","locations":[{"start":{"line":58,"column":24},"end":{"line":58,"column":35}},{"start":{"line":58,"column":39},"end":{"line":58,"column":43}}],"line":58},"6":{"loc":{"start":{"line":59,"column":29},"end":{"line":59,"column":56}},"type":"binary-expr","locations":[{"start":{"line":59,"column":29},"end":{"line":59,"column":42}},{"start":{"line":59,"column":46},"end":{"line":59,"column":56}}],"line":59},"7":{"loc":{"start":{"line":62,"column":8},"end":{"line":62,"column":65}},"type":"cond-expr","locations":[{"start":{"line":62,"column":23},"end":{"line":62,"column":41}},{"start":{"line":62,"column":44},"end":{"line":62,"column":65}}],"line":62},"8":{"loc":{"start":{"line":83,"column":20},"end":{"line":83,"column":61}},"type":"binary-expr","locations":[{"start":{"line":83,"column":20},"end":{"line":83,"column":42}},{"start":{"line":83,"column":46},"end":{"line":83,"column":61}}],"line":83}},"s":{"0":0,"1":0,"2":0,"3":0,"4":0,"5":0,"6":0,"7":0,"8":0,"9":0,"10":0,"11":0,"12":0,"13":0,"14":0},"f":{"0":0,"1":0,"2":0,"3":0},"b":{"0":[0],"1":[0],"2":[0],"3":[0,0],"4":[0,0],"5":[0,0],"6":[0,0],"7":[0,0],"8":[0,0]}}
,"/Users/kyngo/Freelancer/based-expo/components/base/StyledList.tsx": {"path":"/Users/kyngo/Freelancer/based-expo/components/base/StyledList.tsx","statementMap":{"0":{"start":{"line":22,"column":19},"end":{"line":77,"column":1}},"1":{"start":{"line":23,"column":69},"end":{"line":23,"column":74}},"2":{"start":{"line":24,"column":25},"end":{"line":35,"column":5}},"3":{"start":{"line":25,"column":92},"end":{"line":25,"column":97}},"4":{"start":{"line":26,"column":8},"end":{"line":34,"column":10}},"5":{"start":{"line":37,"column":8},"end":{"line":39,"column":9}},"6":{"start":{"line":38,"column":12},"end":{"line":38,"column":32}},"7":{"start":{"line":40,"column":8},"end":{"line":40,"column":22}},"8":{"start":{"line":43,"column":8},"end":{"line":49,"column":9}},"9":{"start":{"line":44,"column":12},"end":{"line":48,"column":14}},"10":{"start":{"line":50,"column":8},"end":{"line":50,"column":20}},"11":{"start":{"line":52,"column":30},"end":{"line":54,"column":34}},"12":{"start":{"line":53,"column":8},"end":{"line":53,"column":53}},"13":{"start":{"line":56,"column":4},"end":{"line":76,"column":6}},"14":{"start":{"line":69,"column":37},"end":{"line":69,"column":50}}},"fnMap":{"0":{"name":"(anonymous_0)","decl":{"start":{"line":22,"column":19},"end":{"line":22,"column":20}},"loc":{"start":{"line":22,"column":47},"end":{"line":77,"column":1}},"line":22},"1":{"name":"(anonymous_1)","decl":{"start":{"line":24,"column":25},"end":{"line":24,"column":26}},"loc":{"start":{"line":24,"column":31},"end":{"line":35,"column":5}},"line":24},"2":{"name":"keyExtractor","decl":{"start":{"line":36,"column":13},"end":{"line":36,"column":25}},"loc":{"start":{"line":36,"column":56},"end":{"line":41,"column":5}},"line":36},"3":{"name":"renderFooter","decl":{"start":{"line":42,"column":13},"end":{"line":42,"column":25}},"loc":{"start":{"line":42,"column":28},"end":{"line":51,"column":5}},"line":42},"4":{"name":"(anonymous_4)","decl":{"start":{"line":52,"column":38},"end":{"line":52,"column":39}},"loc":{"start":{"line":52,"column":44},"end":{"line":54,"column":5}},"line":52},"5":{"name":"(anonymous_5)","decl":{"start":{"line":69,"column":31},"end":{"line":69,"column":32}},"loc":{"start":{"line":69,"column":37},"end":{"line":69,"column":50}},"line":69}},"branchMap":{"0":{"loc":{"start":{"line":37,"column":8},"end":{"line":39,"column":9}},"type":"if","locations":[{"start":{"line":37,"column":8},"end":{"line":39,"column":9}},{"start":{},"end":{}}],"line":37},"1":{"loc":{"start":{"line":43,"column":8},"end":{"line":49,"column":9}},"type":"if","locations":[{"start":{"line":43,"column":8},"end":{"line":49,"column":9}},{"start":{},"end":{}}],"line":43},"2":{"loc":{"start":{"line":43,"column":12},"end":{"line":43,"column":39}},"type":"binary-expr","locations":[{"start":{"line":43,"column":12},"end":{"line":43,"column":24}},{"start":{"line":43,"column":28},"end":{"line":43,"column":39}}],"line":43},"3":{"loc":{"start":{"line":53,"column":15},"end":{"line":53,"column":52}},"type":"binary-expr","locations":[{"start":{"line":53,"column":15},"end":{"line":53,"column":39}},{"start":{"line":53,"column":43},"end":{"line":53,"column":52}}],"line":53}},"s":{"0":0,"1":0,"2":0,"3":0,"4":0,"5":0,"6":0,"7":0,"8":0,"9":0,"10":0,"11":0,"12":0,"13":0,"14":0},"f":{"0":0,"1":0,"2":0,"3":0,"4":0,"5":0},"b":{"0":[0,0],"1":[0,0],"2":[0,0],"3":[0,0]}}
,"/Users/kyngo/Freelancer/based-expo/components/base/StyledNoData.tsx": {"path":"/Users/kyngo/Freelancer/based-expo/components/base/StyledNoData.tsx","statementMap":{"0":{"start":{"line":17,"column":63},"end":{"line":47,"column":1}},"1":{"start":{"line":26,"column":4},"end":{"line":46,"column":6}}},"fnMap":{"0":{"name":"(anonymous_0)","decl":{"start":{"line":17,"column":63},"end":{"line":17,"column":64}},"loc":{"start":{"line":25,"column":29},"end":{"line":47,"column":1}},"line":25}},"branchMap":{"0":{"loc":{"start":{"line":28,"column":13},"end":{"line":37,"column":13}},"type":"cond-expr","locations":[{"start":{"line":29,"column":16},"end":{"line":31,"column":23}},{"start":{"line":33,"column":16},"end":{"line":36,"column":18}}],"line":28},"1":{"loc":{"start":{"line":34,"column":30},"end":{"line":34,"column":53}},"type":"binary-expr","locations":[{"start":{"line":34,"column":30},"end":{"line":34,"column":34}},{"start":{"line":34,"column":38},"end":{"line":34,"column":53}}],"line":34},"2":{"loc":{"start":{"line":38,"column":13},"end":{"line":44,"column":13}},"type":"cond-expr","locations":[{"start":{"line":39,"column":16},"end":{"line":41,"column":34}},{"start":{"line":43,"column":16},"end":{"line":43,"column":24}}],"line":38},"3":{"loc":{"start":{"line":38,"column":13},"end":{"line":38,"column":37}},"type":"binary-expr","locations":[{"start":{"line":38,"column":13},"end":{"line":38,"column":25}},{"start":{"line":38,"column":29},"end":{"line":38,"column":37}}],"line":38}},"s":{"0":0,"1":0},"f":{"0":0},"b":{"0":[0,0],"1":[0,0],"2":[0,0],"3":[0,0]}}
,"/Users/kyngo/Freelancer/based-expo/components/base/StyledSectionList.tsx": {"path":"/Users/kyngo/Freelancer/based-expo/components/base/StyledSectionList.tsx","statementMap":{"0":{"start":{"line":38,"column":26},"end":{"line":122,"column":1}},"1":{"start":{"line":50,"column":52},"end":{"line":50,"column":67}},"2":{"start":{"line":51,"column":22},"end":{"line":51,"column":34}},"3":{"start":{"line":53,"column":34},"end":{"line":55,"column":5}},"4":{"start":{"line":54,"column":8},"end":{"line":54,"column":35}},"5":{"start":{"line":56,"column":26},"end":{"line":58,"column":5}},"6":{"start":{"line":57,"column":8},"end":{"line":57,"column":22}},"7":{"start":{"line":60,"column":29},"end":{"line":65,"column":5}},"8":{"start":{"line":61,"column":8},"end":{"line":64,"column":9}},"9":{"start":{"line":62,"column":12},"end":{"line":62,"column":27}},"10":{"start":{"line":63,"column":12},"end":{"line":63,"column":38}},"11":{"start":{"line":67,"column":25},"end":{"line":78,"column":5}},"12":{"start":{"line":68,"column":92},"end":{"line":68,"column":95}},"13":{"start":{"line":69,"column":8},"end":{"line":77,"column":10}},"14":{"start":{"line":80,"column":8},"end":{"line":82,"column":9}},"15":{"start":{"line":81,"column":12},"end":{"line":81,"column":32}},"16":{"start":{"line":83,"column":8},"end":{"line":83,"column":22}},"17":{"start":{"line":86,"column":8},"end":{"line":92,"column":9}},"18":{"start":{"line":87,"column":12},"end":{"line":91,"column":14}},"19":{"start":{"line":93,"column":8},"end":{"line":93,"column":20}},"20":{"start":{"line":96,"column":4},"end":{"line":121,"column":6}}},"fnMap":{"0":{"name":"(anonymous_0)","decl":{"start":{"line":38,"column":26},"end":{"line":38,"column":27}},"loc":{"start":{"line":49,"column":13},"end":{"line":122,"column":1}},"line":49},"1":{"name":"(anonymous_1)","decl":{"start":{"line":53,"column":34},"end":{"line":53,"column":35}},"loc":{"start":{"line":53,"column":40},"end":{"line":55,"column":5}},"line":53},"2":{"name":"(anonymous_2)","decl":{"start":{"line":56,"column":26},"end":{"line":56,"column":27}},"loc":{"start":{"line":56,"column":32},"end":{"line":58,"column":5}},"line":56},"3":{"name":"(anonymous_3)","decl":{"start":{"line":60,"column":29},"end":{"line":60,"column":30}},"loc":{"start":{"line":60,"column":44},"end":{"line":65,"column":5}},"line":60},"4":{"name":"(anonymous_4)","decl":{"start":{"line":67,"column":25},"end":{"line":67,"column":26}},"loc":{"start":{"line":67,"column":31},"end":{"line":78,"column":5}},"line":67},"5":{"name":"keyExtractor","decl":{"start":{"line":79,"column":13},"end":{"line":79,"column":25}},"loc":{"start":{"line":79,"column":56},"end":{"line":84,"column":5}},"line":79},"6":{"name":"renderFooter","decl":{"start":{"line":85,"column":13},"end":{"line":85,"column":25}},"loc":{"start":{"line":85,"column":28},"end":{"line":94,"column":5}},"line":85}},"branchMap":{"0":{"loc":{"start":{"line":61,"column":8},"end":{"line":64,"column":9}},"type":"if","locations":[{"start":{"line":61,"column":8},"end":{"line":64,"column":9}},{"start":{},"end":{}}],"line":61},"1":{"loc":{"start":{"line":80,"column":8},"end":{"line":82,"column":9}},"type":"if","locations":[{"start":{"line":80,"column":8},"end":{"line":82,"column":9}},{"start":{},"end":{}}],"line":80},"2":{"loc":{"start":{"line":86,"column":8},"end":{"line":92,"column":9}},"type":"if","locations":[{"start":{"line":86,"column":8},"end":{"line":92,"column":9}},{"start":{},"end":{}}],"line":86},"3":{"loc":{"start":{"line":86,"column":12},"end":{"line":86,"column":43}},"type":"binary-expr","locations":[{"start":{"line":86,"column":12},"end":{"line":86,"column":28}},{"start":{"line":86,"column":32},"end":{"line":86,"column":43}}],"line":86}},"s":{"0":0,"1":0,"2":0,"3":0,"4":0,"5":0,"6":0,"7":0,"8":0,"9":0,"10":0,"11":0,"12":0,"13":0,"14":0,"15":0,"16":0,"17":0,"18":0,"19":0,"20":0},"f":{"0":0,"1":0,"2":0,"3":0,"4":0,"5":0,"6":0},"b":{"0":[0,0],"1":[0,0],"2":[0,0],"3":[0,0]}}
,"/Users/kyngo/Freelancer/based-expo/components/base/StyledText.tsx": {"path":"/Users/kyngo/Freelancer/based-expo/components/base/StyledText.tsx","statementMap":{"0":{"start":{"line":26,"column":19},"end":{"line":55,"column":1}},"1":{"start":{"line":27,"column":24},"end":{"line":27,"column":40}},"2":{"start":{"line":28,"column":18},"end":{"line":28,"column":34}},"3":{"start":{"line":32,"column":4},"end":{"line":38,"column":5}},"4":{"start":{"line":33,"column":8},"end":{"line":33,"column":28}},"5":{"start":{"line":34,"column":11},"end":{"line":38,"column":5}},"6":{"start":{"line":35,"column":8},"end":{"line":35,"column":51}},"7":{"start":{"line":37,"column":8},"end":{"line":37,"column":31}},"8":{"start":{"line":40,"column":4},"end":{"line":54,"column":6}}},"fnMap":{"0":{"name":"(anonymous_0)","decl":{"start":{"line":26,"column":19},"end":{"line":26,"column":20}},"loc":{"start":{"line":26,"column":116},"end":{"line":55,"column":1}},"line":26}},"branchMap":{"0":{"loc":{"start":{"line":32,"column":4},"end":{"line":38,"column":5}},"type":"if","locations":[{"start":{"line":32,"column":4},"end":{"line":38,"column":5}},{"start":{"line":34,"column":11},"end":{"line":38,"column":5}}],"line":32},"1":{"loc":{"start":{"line":34,"column":11},"end":{"line":38,"column":5}},"type":"if","locations":[{"start":{"line":34,"column":11},"end":{"line":38,"column":5}},{"start":{"line":36,"column":11},"end":{"line":38,"column":5}}],"line":34},"2":{"loc":{"start":{"line":34,"column":15},"end":{"line":34,"column":69}},"type":"binary-expr","locations":[{"start":{"line":34,"column":15},"end":{"line":34,"column":23}},{"start":{"line":34,"column":27},"end":{"line":34,"column":69}}],"line":34},"3":{"loc":{"start":{"line":34,"column":42},"end":{"line":34,"column":56}},"type":"binary-expr","locations":[{"start":{"line":34,"column":42},"end":{"line":34,"column":50}},{"start":{"line":34,"column":54},"end":{"line":34,"column":56}}],"line":34},"4":{"loc":{"start":{"line":37,"column":16},"end":{"line":37,"column":30}},"type":"binary-expr","locations":[{"start":{"line":37,"column":16},"end":{"line":37,"column":24}},{"start":{"line":37,"column":28},"end":{"line":37,"column":30}}],"line":37}},"s":{"0":0,"1":0,"2":0,"3":0,"4":0,"5":0,"6":0,"7":0,"8":0},"f":{"0":0},"b":{"0":[0,0],"1":[0,0],"2":[0,0],"3":[0,0],"4":[0,0]}}
,"/Users/kyngo/Freelancer/based-expo/components/base/StyledTouchable.tsx": {"path":"/Users/kyngo/Freelancer/based-expo/components/base/StyledTouchable.tsx","statementMap":{"0":{"start":{"line":15,"column":23},"end":{"line":15,"column":42}},"1":{"start":{"line":16,"column":23},"end":{"line":16,"column":33}},"2":{"start":{"line":16,"column":29},"end":{"line":16,"column":33}},"3":{"start":{"line":18,"column":65},"end":{"line":28,"column":1}},"4":{"start":{"line":19,"column":82},"end":{"line":19,"column":87}},"5":{"start":{"line":21,"column":24},"end":{"line":21,"column":71}},"6":{"start":{"line":23,"column":4},"end":{"line":27,"column":6}}},"fnMap":{"0":{"name":"(anonymous_0)","decl":{"start":{"line":16,"column":23},"end":{"line":16,"column":24}},"loc":{"start":{"line":16,"column":29},"end":{"line":16,"column":33}},"line":16},"1":{"name":"(anonymous_1)","decl":{"start":{"line":18,"column":65},"end":{"line":18,"column":66}},"loc":{"start":{"line":18,"column":98},"end":{"line":28,"column":1}},"line":18}},"branchMap":{"0":{"loc":{"start":{"line":19,"column":32},"end":{"line":19,"column":51}},"type":"default-arg","locations":[{"start":{"line":19,"column":47},"end":{"line":19,"column":51}}],"line":19},"1":{"loc":{"start":{"line":19,"column":53},"end":{"line":19,"column":77}},"type":"default-arg","locations":[{"start":{"line":19,"column":63},"end":{"line":19,"column":77}}],"line":19}},"s":{"0":0,"1":0,"2":0,"3":0,"4":0,"5":0,"6":0},"f":{"0":0,"1":0},"b":{"0":[0],"1":[0]}}
,"/Users/kyngo/Freelancer/based-expo/components/base/StyledWebView.tsx": {"path":"/Users/kyngo/Freelancer/based-expo/components/base/StyledWebView.tsx","statementMap":{"0":{"start":{"line":7,"column":22},"end":{"line":28,"column":1}},"1":{"start":{"line":8,"column":4},"end":{"line":27,"column":6}},"2":{"start":{"line":15,"column":20},"end":{"line":17,"column":27}},"3":{"start":{"line":20,"column":20},"end":{"line":23,"column":27}}},"fnMap":{"0":{"name":"(anonymous_0)","decl":{"start":{"line":7,"column":22},"end":{"line":7,"column":23}},"loc":{"start":{"line":7,"column":47},"end":{"line":28,"column":1}},"line":7},"1":{"name":"(anonymous_1)","decl":{"start":{"line":14,"column":31},"end":{"line":14,"column":32}},"loc":{"start":{"line":15,"column":20},"end":{"line":17,"column":27}},"line":15},"2":{"name":"(anonymous_2)","decl":{"start":{"line":19,"column":29},"end":{"line":19,"column":30}},"loc":{"start":{"line":20,"column":20},"end":{"line":23,"column":27}},"line":20}},"branchMap":{},"s":{"0":0,"1":0,"2":0,"3":0},"f":{"0":0,"1":0,"2":0},"b":{}}
,"/Users/kyngo/Freelancer/based-expo/components/base/index.ts": {"path":"/Users/kyngo/Freelancer/based-expo/components/base/index.ts","statementMap":{},"fnMap":{},"branchMap":{},"s":{},"f":{},"b":{}}
,"/Users/kyngo/Freelancer/based-expo/components/base/modal/ModalizeCenterComponent.tsx": {"path":"/Users/kyngo/Freelancer/based-expo/components/base/modal/ModalizeCenterComponent.tsx","statementMap":{"0":{"start":{"line":13,"column":32},"end":{"line":34,"column":1}},"1":{"start":{"line":14,"column":51},"end":{"line":14,"column":56}},"2":{"start":{"line":15,"column":46},"end":{"line":15,"column":57}},"3":{"start":{"line":16,"column":58},"end":{"line":16,"column":69}},"4":{"start":{"line":17,"column":4},"end":{"line":19,"column":24}},"5":{"start":{"line":18,"column":8},"end":{"line":18,"column":75}},"6":{"start":{"line":21,"column":4},"end":{"line":33,"column":6}},"7":{"start":{"line":26,"column":20},"end":{"line":26,"column":73}}},"fnMap":{"0":{"name":"(anonymous_0)","decl":{"start":{"line":13,"column":32},"end":{"line":13,"column":33}},"loc":{"start":{"line":13,"column":50},"end":{"line":34,"column":1}},"line":13},"1":{"name":"(anonymous_1)","decl":{"start":{"line":17,"column":14},"end":{"line":17,"column":15}},"loc":{"start":{"line":17,"column":20},"end":{"line":19,"column":5}},"line":17},"2":{"name":"(anonymous_2)","decl":{"start":{"line":25,"column":26},"end":{"line":25,"column":27}},"loc":{"start":{"line":25,"column":35},"end":{"line":27,"column":17}},"line":25}},"branchMap":{},"s":{"0":0,"1":0,"2":0,"3":0,"4":0,"5":0,"6":0,"7":0},"f":{"0":0,"1":0,"2":0},"b":{}}
,"/Users/kyngo/Freelancer/based-expo/components/base/modal/ModalizeManager.tsx": {"path":"/Users/kyngo/Freelancer/based-expo/components/base/modal/ModalizeManager.tsx","statementMap":{"0":{"start":{"line":8,"column":26},"end":{"line":8,"column":28}},"1":{"start":{"line":15,"column":24},"end":{"line":106,"column":1}},"2":{"start":{"line":16,"column":21},"end":{"line":16,"column":48}},"3":{"start":{"line":18,"column":17},"end":{"line":61,"column":5}},"4":{"start":{"line":19,"column":8},"end":{"line":60,"column":9}},"5":{"start":{"line":19,"column":36},"end":{"line":19,"column":47}},"6":{"start":{"line":20,"column":28},"end":{"line":55,"column":13}},"7":{"start":{"line":24,"column":40},"end":{"line":24,"column":51}},"8":{"start":{"line":37,"column":103},"end":{"line":37,"column":114}},"9":{"start":{"line":46,"column":20},"end":{"line":46,"column":46}},"10":{"start":{"line":47,"column":35},"end":{"line":47,"column":50}},"11":{"start":{"line":48,"column":20},"end":{"line":53,"column":23}},"12":{"start":{"line":57,"column":12},"end":{"line":59,"column":15}},"13":{"start":{"line":58,"column":16},"end":{"line":58,"column":42}},"14":{"start":{"line":63,"column":20},"end":{"line":75,"column":5}},"15":{"start":{"line":64,"column":21},"end":{"line":64,"column":56}},"16":{"start":{"line":64,"column":44},"end":{"line":64,"column":55}},"17":{"start":{"line":65,"column":8},"end":{"line":74,"column":9}},"18":{"start":{"line":66,"column":37},"end":{"line":66,"column":41}},"19":{"start":{"line":67,"column":12},"end":{"line":67,"column":34}},"20":{"start":{"line":69,"column":30},"end":{"line":69,"column":67}},"21":{"start":{"line":69,"column":55},"end":{"line":69,"column":66}},"22":{"start":{"line":70,"column":12},"end":{"line":70,"column":42}},"23":{"start":{"line":71,"column":12},"end":{"line":73,"column":15}},"24":{"start":{"line":72,"column":16},"end":{"line":72,"column":34}},"25":{"start":{"line":77,"column":19},"end":{"line":86,"column":5}},"26":{"start":{"line":78,"column":21},"end":{"line":78,"column":56}},"27":{"start":{"line":78,"column":44},"end":{"line":78,"column":55}},"28":{"start":{"line":79,"column":8},"end":{"line":85,"column":9}},"29":{"start":{"line":80,"column":12},"end":{"line":84,"column":14}},"30":{"start":{"line":81,"column":57},"end":{"line":81,"column":68}},"31":{"start":{"line":88,"column":23},"end":{"line":93,"column":5}},"32":{"start":{"line":89,"column":8},"end":{"line":92,"column":11}},"33":{"start":{"line":90,"column":32},"end":{"line":90,"column":36}},"34":{"start":{"line":91,"column":12},"end":{"line":91,"column":31}},"35":{"start":{"line":95,"column":30},"end":{"line":104,"column":5}},"36":{"start":{"line":96,"column":21},"end":{"line":96,"column":56}},"37":{"start":{"line":96,"column":44},"end":{"line":96,"column":55}},"38":{"start":{"line":97,"column":8},"end":{"line":103,"column":9}},"39":{"start":{"line":98,"column":32},"end":{"line":98,"column":36}},"40":{"start":{"line":99,"column":12},"end":{"line":99,"column":31}},"41":{"start":{"line":101,"column":30},"end":{"line":101,"column":67}},"42":{"start":{"line":101,"column":55},"end":{"line":101,"column":66}},"43":{"start":{"line":102,"column":12},"end":{"line":102,"column":42}},"44":{"start":{"line":105,"column":4},"end":{"line":105,"column":68}}},"fnMap":{"0":{"name":"(anonymous_0)","decl":{"start":{"line":15,"column":24},"end":{"line":15,"column":25}},"loc":{"start":{"line":15,"column":30},"end":{"line":106,"column":1}},"line":15},"1":{"name":"(anonymous_1)","decl":{"start":{"line":18,"column":17},"end":{"line":18,"column":18}},"loc":{"start":{"line":18,"column":84},"end":{"line":61,"column":5}},"line":18},"2":{"name":"(anonymous_2)","decl":{"start":{"line":19,"column":31},"end":{"line":19,"column":32}},"loc":{"start":{"line":19,"column":36},"end":{"line":19,"column":47}},"line":19},"3":{"name":"(anonymous_3)","decl":{"start":{"line":24,"column":34},"end":{"line":24,"column":35}},"loc":{"start":{"line":24,"column":40},"end":{"line":24,"column":51}},"line":24},"4":{"name":"(anonymous_4)","decl":{"start":{"line":37,"column":97},"end":{"line":37,"column":98}},"loc":{"start":{"line":37,"column":103},"end":{"line":37,"column":114}},"line":37},"5":{"name":"(anonymous_5)","decl":{"start":{"line":45,"column":16},"end":{"line":45,"column":17}},"loc":{"start":{"line":45,"column":22},"end":{"line":54,"column":17}},"line":45},"6":{"name":"(anonymous_6)","decl":{"start":{"line":57,"column":27},"end":{"line":57,"column":28}},"loc":{"start":{"line":57,"column":33},"end":{"line":59,"column":13}},"line":57},"7":{"name":"(anonymous_7)","decl":{"start":{"line":63,"column":20},"end":{"line":63,"column":21}},"loc":{"start":{"line":63,"column":33},"end":{"line":75,"column":5}},"line":63},"8":{"name":"(anonymous_8)","decl":{"start":{"line":64,"column":39},"end":{"line":64,"column":40}},"loc":{"start":{"line":64,"column":44},"end":{"line":64,"column":55}},"line":64},"9":{"name":"(anonymous_9)","decl":{"start":{"line":69,"column":50},"end":{"line":69,"column":51}},"loc":{"start":{"line":69,"column":55},"end":{"line":69,"column":66}},"line":69},"10":{"name":"(anonymous_10)","decl":{"start":{"line":71,"column":27},"end":{"line":71,"column":28}},"loc":{"start":{"line":71,"column":33},"end":{"line":73,"column":13}},"line":71},"11":{"name":"(anonymous_11)","decl":{"start":{"line":77,"column":19},"end":{"line":77,"column":20}},"loc":{"start":{"line":77,"column":60},"end":{"line":86,"column":5}},"line":77},"12":{"name":"(anonymous_12)","decl":{"start":{"line":78,"column":39},"end":{"line":78,"column":40}},"loc":{"start":{"line":78,"column":44},"end":{"line":78,"column":55}},"line":78},"13":{"name":"(anonymous_13)","decl":{"start":{"line":81,"column":51},"end":{"line":81,"column":52}},"loc":{"start":{"line":81,"column":57},"end":{"line":81,"column":68}},"line":81},"14":{"name":"(anonymous_14)","decl":{"start":{"line":88,"column":23},"end":{"line":88,"column":24}},"loc":{"start":{"line":88,"column":29},"end":{"line":93,"column":5}},"line":88},"15":{"name":"(anonymous_15)","decl":{"start":{"line":89,"column":29},"end":{"line":89,"column":30}},"loc":{"start":{"line":89,"column":37},"end":{"line":92,"column":9}},"line":89},"16":{"name":"(anonymous_16)","decl":{"start":{"line":95,"column":30},"end":{"line":95,"column":31}},"loc":{"start":{"line":95,"column":43},"end":{"line":104,"column":5}},"line":95},"17":{"name":"(anonymous_17)","decl":{"start":{"line":96,"column":39},"end":{"line":96,"column":40}},"loc":{"start":{"line":96,"column":44},"end":{"line":96,"column":55}},"
[...]
go/Freelancer/based-expo/utils/permission.ts": {"path":"/Users/kyngo/Freelancer/based-expo/utils/permission.ts","statementMap":{"0":{"start":{"line":8,"column":27},"end":{"line":19,"column":1}},"1":{"start":{"line":9,"column":23},"end":{"line":9,"column":63}},"2":{"start":{"line":10,"column":4},"end":{"line":12,"column":5}},"3":{"start":{"line":11,"column":8},"end":{"line":11,"column":20}},"4":{"start":{"line":13,"column":4},"end":{"line":16,"column":5}},"5":{"start":{"line":14,"column":8},"end":{"line":14,"column":40}},"6":{"start":{"line":15,"column":8},"end":{"line":15,"column":21}},"7":{"start":{"line":17,"column":34},"end":{"line":17,"column":78}},"8":{"start":{"line":18,"column":4},"end":{"line":18,"column":50}},"9":{"start":{"line":21,"column":29},"end":{"line":35,"column":1}},"10":{"start":{"line":22,"column":23},"end":{"line":22,"column":69}},"11":{"start":{"line":23,"column":4},"end":{"line":26,"column":5}},"12":{"start":{"line":24,"column":38},"end":{"line":24,"column":88}},"13":{"start":{"line":25,"column":8},"end":{"line":25,"column":54}},"14":{"start":{"line":27,"column":4},"end":{"line":29,"column":5}},"15":{"start":{"line":28,"column":8},"end":{"line":28,"column":20}},"16":{"start":{"line":30,"column":4},"end":{"line":33,"column":5}},"17":{"start":{"line":31,"column":8},"end":{"line":31,"column":42}},"18":{"start":{"line":32,"column":8},"end":{"line":32,"column":21}},"19":{"start":{"line":34,"column":4},"end":{"line":34,"column":17}},"20":{"start":{"line":37,"column":17},"end":{"line":42,"column":1}},"21":{"start":{"line":44,"column":26},"end":{"line":51,"column":1}},"22":{"start":{"line":45,"column":23},"end":{"line":45,"column":74}},"23":{"start":{"line":46,"column":4},"end":{"line":48,"column":5}},"24":{"start":{"line":47,"column":8},"end":{"line":47,"column":20}},"25":{"start":{"line":49,"column":34},"end":{"line":49,"column":89}},"26":{"start":{"line":50,"column":4},"end":{"line":50,"column":50}},"27":{"start":{"line":53,"column":30},"end":{"line":73,"column":1}},"28":{"start":{"line":54,"column":4},"end":{"line":72,"column":6}},"29":{"start":{"line":60,"column":31},"end":{"line":60,"column":55}},"30":{"start":{"line":66,"column":20},"end":{"line":68,"column":22}},"31":{"start":{"line":67,"column":24},"end":{"line":67,"column":65}}},"fnMap":{"0":{"name":"(anonymous_0)","decl":{"start":{"line":8,"column":27},"end":{"line":8,"column":28}},"loc":{"start":{"line":8,"column":39},"end":{"line":19,"column":1}},"line":8},"1":{"name":"(anonymous_1)","decl":{"start":{"line":21,"column":29},"end":{"line":21,"column":30}},"loc":{"start":{"line":21,"column":41},"end":{"line":35,"column":1}},"line":21},"2":{"name":"(anonymous_2)","decl":{"start":{"line":44,"column":26},"end":{"line":44,"column":27}},"loc":{"start":{"line":44,"column":38},"end":{"line":51,"column":1}},"line":44},"3":{"name":"(anonymous_3)","decl":{"start":{"line":53,"column":30},"end":{"line":53,"column":31}},"loc":{"start":{"line":53,"column":48},"end":{"line":73,"column":1}},"line":53},"4":{"name":"(anonymous_4)","decl":{"start":{"line":60,"column":25},"end":{"line":60,"column":26}},"loc":{"start":{"line":60,"column":31},"end":{"line":60,"column":55}},"line":60},"5":{"name":"(anonymous_5)","decl":{"start":{"line":65,"column":25},"end":{"line":65,"column":26}},"loc":{"start":{"line":66,"column":20},"end":{"line":68,"column":22}},"line":66},"6":{"name":"(anonymous_6)","decl":{"start":{"line":66,"column":49},"end":{"line":66,"column":50}},"loc":{"start":{"line":66,"column":55},"end":{"line":68,"column":21}},"line":66}},"branchMap":{"0":{"loc":{"start":{"line":10,"column":4},"end":{"line":12,"column":5}},"type":"if","locations":[{"start":{"line":10,"column":4},"end":{"line":12,"column":5}},{"start":{},"end":{}}],"line":10},"1":{"loc":{"start":{"line":13,"column":4},"end":{"line":16,"column":5}},"type":"if","locations":[{"start":{"line":13,"column":4},"end":{"line":16,"column":5}},{"start":{},"end":{}}],"line":13},"2":{"loc":{"start":{"line":23,"column":4},"end":{"line":26,"column":5}},"type":"if","locations":[{"start":{"line":23,"column":4},"end":{"line":26,"column":5}},{"start":{},"end":{}}],"line":23},"3":{"loc":{"start":{"line":27,"column":4},"end":{"line":29,"column":5}},"type":"if","locations":[{"start":{"line":27,"column":4},"end":{"line":29,"column":5}},{"start":{},"end":{}}],"line":27},"4":{"loc":{"start":{"line":30,"column":4},"end":{"line":33,"column":5}},"type":"if","locations":[{"start":{"line":30,"column":4},"end":{"line":33,"column":5}},{"start":{},"end":{}}],"line":30},"5":{"loc":{"start":{"line":46,"column":4},"end":{"line":48,"column":5}},"type":"if","locations":[{"start":{"line":46,"column":4},"end":{"line":48,"column":5}},{"start":{},"end":{}}],"line":46},"6":{"loc":{"start":{"line":55,"column":8},"end":{"line":55,"column":34}},"type":"binary-expr","locations":[{"start":{"line":55,"column":8},"end":{"line":55,"column":28}},{"start":{"line":55,"column":32},"end":{"line":55,"column":34}}],"line":55}},"s":{"0":0,"1":0,"2":0,"3":0,"4":0,"5":0,"6":0,"7":0,"8":0,"9":0,"10":0,"11":0,"12":0,"13":0,"14":0,"15":0,"16":0,"17":0,"18":0,"19":0,"20":0,"21":0,"22":0,"23":0,"24":0,"25":0,"26":0,"27":0,"28":0,"29":0,"30":0,"31":0},"f":{"0":0,"1":0,"2":0,"3":0,"4":0,"5":0,"6":0},"b":{"0":[0,0],"1":[0,0],"2":[0,0],"3":[0,0],"4":[0,0],"5":[0,0],"6":[0,0]}}
,"/Users/kyngo/Freelancer/based-expo/utils/react-i18next.d.ts": {"path":"/Users/kyngo/Freelancer/based-expo/utils/react-i18next.d.ts","statementMap":{},"fnMap":{},"branchMap":{},"s":{},"f":{},"b":{}}
,"/Users/kyngo/Freelancer/based-expo/utils/validate.ts": {"path":"/Users/kyngo/Freelancer/based-expo/utils/validate.ts","statementMap":{"0":{"start":{"line":2,"column":4},"end":{"line":2,"column":156}},"1":{"start":{"line":3,"column":27},"end":{"line":3,"column":75}},"2":{"start":{"line":4,"column":30},"end":{"line":4,"column":45}},"3":{"start":{"line":5,"column":30},"end":{"line":5,"column":57}},"4":{"start":{"line":7,"column":35},"end":{"line":7,"column":36}},"5":{"start":{"line":8,"column":35},"end":{"line":8,"column":37}},"6":{"start":{"line":10,"column":35},"end":{"line":10,"column":36}},"7":{"start":{"line":11,"column":35},"end":{"line":11,"column":37}}},"fnMap":{},"branchMap":{},"s":{"0":0,"1":0,"2":0,"3":0,"4":0,"5":0,"6":0,"7":0},"f":{},"b":{}}
,"/Users/kyngo/Freelancer/based-expo/utils/yupValidate.ts": {"path":"/Users/kyngo/Freelancer/based-expo/utils/yupValidate.ts","statementMap":{"0":{"start":{"line":15,"column":20},"end":{"line":71,"column":1}},"1":{"start":{"line":17,"column":8},"end":{"line":23,"column":68}},"2":{"start":{"line":19,"column":28},"end":{"line":19,"column":48}},"3":{"start":{"line":26,"column":8},"end":{"line":30,"column":66}},"4":{"start":{"line":28,"column":28},"end":{"line":28,"column":49}},"5":{"start":{"line":33,"column":8},"end":{"line":36,"column":66}},"6":{"start":{"line":35,"column":28},"end":{"line":35,"column":49}},"7":{"start":{"line":46,"column":8},"end":{"line":57,"column":9}},"8":{"start":{"line":48,"column":12},"end":{"line":50,"column":13}},"9":{"start":{"line":49,"column":16},"end":{"line":49,"column":110}},"10":{"start":{"line":53,"column":12},"end":{"line":56,"column":80}},"11":{"start":{"line":55,"column":32},"end":{"line":55,"column":63}},"12":{"start":{"line":59,"column":8},"end":{"line":66,"column":74}},"13":{"start":{"line":61,"column":28},"end":{"line":61,"column":52}},"14":{"start":{"line":68,"column":20},"end":{"line":68,"column":73}},"15":{"start":{"line":68,"column":48},"end":{"line":68,"column":72}},"16":{"start":{"line":69,"column":23},"end":{"line":69,"column":79}},"17":{"start":{"line":69,"column":51},"end":{"line":69,"column":78}},"18":{"start":{"line":70,"column":18},"end":{"line":70,"column":69}},"19":{"start":{"line":70,"column":46},"end":{"line":70,"column":68}}},"fnMap":{"0":{"name":"(anonymous_0)","decl":{"start":{"line":16,"column":10},"end":{"line":16,"column":11}},"loc":{"start":{"line":17,"column":8},"end":{"line":23,"column":68}},"line":17},"1":{"name":"(anonymous_1)","decl":{"start":{"line":19,"column":22},"end":{"line":19,"column":23}},"loc":{"start":{"line":19,"column":28},"end":{"line":19,"column":48}},"line":19},"2":{"name":"(anonymous_2)","decl":{"start":{"line":25,"column":11},"end":{"line":25,"column":12}},"loc":{"start":{"line":26,"column":8},"end":{"line":30,"column":66}},"line":26},"3":{"name":"(anonymous_3)","decl":{"start":{"line":28,"column":22},"end":{"line":28,"column":23}},"loc":{"start":{"line":28,"column":28},"end":{"line":28,"column":49}},"line":28},"4":{"name":"(anonymous_4)","decl":{"start":{"line":32,"column":11},"end":{"line":32,"column":12}},"loc":{"start":{"line":33,"column":8},"end":{"line":36,"column":66}},"line":33},"5":{"name":"(anonymous_5)","decl":{"start":{"line":35,"column":22},"end":{"line":35,"column":23}},"loc":{"start":{"line":35,"column":28},"end":{"line":35,"column":49}},"line":35},"6":{"name":"(anonymous_6)","decl":{"start":{"line":45,"column":14},"end":{"line":45,"column":15}},"loc":{"start":{"line":45,"column":68},"end":{"line":67,"column":5}},"line":45},"7":{"name":"(anonymous_7)","decl":{"start":{"line":55,"column":26},"end":{"line":55,"column":27}},"loc":{"start":{"line":55,"column":32},"end":{"line":55,"column":63}},"line":55},"8":{"name":"(anonymous_8)","decl":{"start":{"line":61,"column":22},"end":{"line":61,"column":23}},"loc":{"start":{"line":61,"column":28},"end":{"line":61,"column":52}},"line":61},"9":{"name":"(anonymous_9)","decl":{"start":{"line":68,"column":14},"end":{"line":68,"column":15}},"loc":{"start":{"line":68,"column":20},"end":{"line":68,"column":73}},"line":68},"10":{"name":"(anonymous_10)","decl":{"start":{"line":68,"column":42},"end":{"line":68,"column":43}},"loc":{"start":{"line":68,"column":48},"end":{"line":68,"column":72}},"line":68},"11":{"name":"(anonymous_11)","decl":{"start":{"line":69,"column":17},"end":{"line":69,"column":18}},"loc":{"start":{"line":69,"column":23},"end":{"line":69,"column":79}},"line":69},"12":{"name":"(anonymous_12)","decl":{"start":{"line":69,"column":45},"end":{"line":69,"column":46}},"loc":{"start":{"line":69,"column":51},"end":{"line":69,"column":78}},"line":69},"13":{"name":"(anonymous_13)","decl":{"start":{"line":70,"column":12},"end":{"line":70,"column":13}},"loc":{"start":{"line":70,"column":18},"end":{"line":70,"column":69}},"line":70},"14":{"name":"(anonymous_14)","decl":{"start":{"line":70,"column":40},"end":{"line":70,"column":41}},"loc":{"start":{"line":70,"column":46},"end":{"line":70,"column":68}},"line":70}},"branchMap":{"0":{"loc":{"start":{"line":45,"column":29},"end":{"line":45,"column":58}},"type":"default-arg","locations":[{"start":{"line":45,"column":54},"end":{"line":45,"column":58}}],"line":45},"1":{"loc":{"start":{"line":46,"column":8},"end":{"line":57,"column":9}},"type":"if","locations":[{"start":{"line":46,"column":8},"end":{"line":57,"column":9}},{"start":{},"end":{}}],"line":46},"2":{"loc":{"start":{"line":48,"column":12},"end":{"line":50,"column":13}},"type":"if","locations":[{"start":{"line":48,"column":12},"end":{"line":50,"column":13}},{"start":{},"end":{}}],"line":48}},"s":{"0":0,"1":0,"2":0,"3":0,"4":0,"5":0,"6":0,"7":0,"8":0,"9":0,"10":0,"11":0,"12":0,"13":0,"14":0,"15":0,"16":0,"17":0,"18":0,"19":0},"f":{"0":0,"1":0,"2":0,"3":0,"4":0,"5":0,"6":0,"7":0,"8":0,"9":0,"10":0,"11":0,"12":0,"13":0,"14":0},"b":{"0":[0],"1":[0,0],"2":[0,0]}}
,"/Users/kyngo/Freelancer/based-expo/utils/upload/ImagePicker.tsx": {"path":"/Users/kyngo/Freelancer/based-expo/utils/upload/ImagePicker.tsx","statementMap":{"0":{"start":{"line":22,"column":20},"end":{"line":70,"column":1}},"1":{"start":{"line":23,"column":18},"end":{"line":23,"column":34}},"2":{"start":{"line":25,"column":24},"end":{"line":25,"column":49}},"3":{"start":{"line":26,"column":34},"end":{"line":26,"column":49}},"4":{"start":{"line":28,"column":20},"end":{"line":28,"column":106}},"5":{"start":{"line":29,"column":28},"end":{"line":31,"column":5}},"6":{"start":{"line":30,"column":8},"end":{"line":30,"column":37}},"7":{"start":{"line":33,"column":26},"end":{"line":43,"column":5}},"8":{"start":{"line":34,"column":8},"end":{"line":42,"column":9}},"9":{"start":{"line":35,"column":12},"end":{"line":35,"column":29}},"10":{"start":{"line":36,"column":24},"end":{"line":36,"column":75}},"11":{"start":{"line":37,"column":12},"end":{"line":37,"column":35}},"12":{"start":{"line":39,"column":12},"end":{"line":39,"column":31}},"13":{"start":{"line":41,"column":12},"end":{"line":41,"column":30}},"14":{"start":{"line":45,"column":4},"end":{"line":69,"column":6}},"15":{"start":{"line":63,"column":20},"end":{"line":65,"column":21}},"16":{"start":{"line":64,"column":24},"end":{"line":64,"column":45}}},"fnMap":{"0":{"name":"(anonymous_0)","decl":{"start":{"line":22,"column":20},"end":{"line":22,"column":21}},"loc":{"start":{"line":22,"column":118},"end":{"line":70,"column":1}},"line":22},"1":{"name":"(anonymous_1)","decl":{"start":{"line":29,"column":28},"end":{"line":29,"column":29}},"loc":{"start":{"line":29,"column":34},"end":{"line":31,"column":5}},"line":29},"2":{"name":"(anonymous_2)","decl":{"start":{"line":33,"column":26},"end":{"line":33,"column":27}},"loc":{"start":{"line":33,"column":51},"end":{"line":43,"column":5}},"line":33},"3":{"name":"(anonymous_3)","decl":{"start":{"line":62,"column":25},"end":{"line":62,"column":26}},"loc":{"start":{"line":62,"column":41},"end":{"line":66,"column":17}},"line":62}},"branchMap":{"0":{"loc":{"start":{"line":37,"column":21},"end":{"line":37,"column":33}},"type":"binary-expr","locations":[{"start":{"line":37,"column":21},"end":{"line":37,"column":24}},{"start":{"line":37,"column":28},"end":{"line":37,"column":33}}],"line":37},"1":{"loc":{"start":{"line":48,"column":17},"end":{"line":56,"column":17}},"type":"cond-expr","locations":[{"start":{"line":49,"column":20},"end":{"line":49,"column":80}},{"start":{"line":50,"column":20},"end":{"line":56,"column":17}}],"line":48},"2":{"loc":{"start":{"line":48,"column":17},"end":{"line":48,"column":34}},"type":"binary-expr","locations":[{"start":{"line":48,"column":17},"end":{"line":48,"column":22}},{"start":{"line":48,"column":26},"end":{"line":48,"column":34}}],"line":48},"3":{"loc":{"start":{"line":50,"column":20},"end":{"line":56,"column":17}},"type":"cond-expr","locations":[{"start":{"line":51,"column":20},"end":{"line":53,"column":27}},{"start":{"line":55,"column":20},"end":{"line":55,"column":43}}],"line":50},"4":{"loc":{"start":{"line":63,"column":20},"end":{"line":65,"column":21}},"type":"if","locations":[{"start":{"line":63,"column":20},"end":{"line":65,"column":21}},{"start":{},"end":{}}],"line":63}},"s":{"0":0,"1":0,"2":0,"3":0,"4":0,"5":0,"6":0,"7":0,"8":0,"9":0,"10":0,"11":0,"12":0,"13":0,"14":0,"15":0,"16":0},"f":{"0":0,"1":0,"2":0,"3":0},"b":{"0":[0,0],"1":[0,0],"2":[0,0],"3":[0,0],"4":[0,0]}}
,"/Users/kyngo/Freelancer/based-expo/utils/upload/ImageUploader.ts": {"path":"/Users/kyngo/Freelancer/based-expo/utils/upload/ImageUploader.ts","statementMap":{"0":{"start":{"line":6,"column":22},"end":{"line":59,"column":1}},"1":{"start":{"line":8,"column":8},"end":{"line":26,"column":9}},"2":{"start":{"line":9,"column":71},"end":{"line":9,"column":75}},"3":{"start":{"line":10,"column":12},"end":{"line":18,"column":13}},"4":{"start":{"line":11,"column":28},"end":{"line":11,"column":46}},"5":{"start":{"line":12,"column":16},"end":{"line":12,"column":33}},"6":{"start":{"line":12,"column":26},"end":{"line":12,"column":33}},"7":{"start":{"line":13,"column":16},"end":{"line":13,"column":85}},"8":{"start":{"line":14,"column":19},"end":{"line":18,"column":13}},"9":{"start":{"line":15,"column":28},"end":{"line":15,"column":47}},"10":{"start":{"line":16,"column":16},"end":{"line":16,"column":33}},"11":{"start":{"line":16,"column":26},"end":{"line":16,"column":33}},"12":{"start":{"line":17,"column":16},"end":{"line":17,"column":84}},"13":{"start":{"line":19,"column":12},"end":{"line":19,"column":54}},"14":{"start":{"line":19,"column":42},"end":{"line":19,"column":54}},"15":{"start":{"line":20,"column":28},"end":{"line":20,"column":56}},"16":{"start":{"line":21,"column":24},"end":{"line":21,"column":59}},"17":{"start":{"line":22,"column":12},"end":{"line":22,"column":23}},"18":{"start":{"line":24,"column":12},"end":{"line":24,"column":24}},"19":{"start":{"line":25,"column":12},"end":{"line":25,"column":24}},"20":{"start":{"line":30,"column":8},"end":{"line":35,"column":10}},"21":{"start":{"line":38,"column":8},"end":{"line":43,"column":10}},"22":{"start":{"line":46,"column":28},"end":{"line":50,"column":9}},"23":{"start":{"line":51,"column":25},"end":{"line":51,"column":39}},"24":{"start":{"line":52,"column":8},"end":{"line":52,"column":65}},"25":{"start":{"line":53,"column":25},"end":{"line":53,"column":52}},"26":{"start":{"line":54,"column":8},"end":{"line":56,"column":9}},"27":{"start":{"line":55,"column":12},"end":{"line":55,"column":26}},"28":{"start":{"line":57,"column":8},"end":{"line":57,"column":20}}},"fnMap":{"0":{"name":"(anonymous_0)","decl":{"start":{"line":7,"column":15},"end":{"line":7,"column":16}},"loc":{"start":{"line":7,"column":82},"end":{"line":27,"column":5}},"line":7},"1":{"name":"(anonymous_1)","decl":{"start":{"line":29,"column":27},"end":{"line":29,"column":28}},"loc":{"start":{"line":30,"column":8},"end":{"line":35,"column":10}},"line":30},"2":{"name":"(anonymous_2)","decl":{"start":{"line":37,"column":28},"end":{"line":37,"column":29}},"loc":{"start":{"line":38,"column":8},"end":{"line":43,"column":10}},"line":38},"3":{"name":"(anonymous_3)","decl":{"start":{"line":45,"column":14},"end":{"line":45,"column":15}},"loc":{"start":{"line":45,"column":59},"end":{"line":58,"column":5}},"line":45}},"branchMap":{"0":{"loc":{"start":{"line":10,"column":12},"end":{"line":18,"column":13}},"type":"if","locations":[{"start":{"line":10,"column":12},"end":{"line":18,"column":13}},{"start":{"line":14,"column":19},"end":{"line":18,"column":13}}],"line":10},"1":{"loc":{"start":{"line":12,"column":16},"end":{"line":12,"column":33}},"type":"if","locations":[{"start":{"line":12,"column":16},"end":{"line":12,"column":33}},{"start":{},"end":{}}],"line":12},"2":{"loc":{"start":{"line":14,"column":19},"end":{"line":18,"column":13}},"type":"if","locations":[{"start":{"line":14,"column":19},"end":{"line":18,"column":13}},{"start":{},"end":{}}],"line":14},"3":{"loc":{"start":{"line":16,"column":16},"end":{"line":16,"column":33}},"type":"if","locations":[{"start":{"line":16,"column":16},"end":{"line":16,"column":33}},{"start":{},"end":{}}],"line":16},"4":{"loc":{"start":{"line":19,"column":12},"end":{"line":19,"column":54}},"type":"if","locations":[{"start":{"line":19,"column":12},"end":{"line":19,"column":54}},{"start":{},"end":{}}],"line":19},"5":{"loc":{"start":{"line":20,"column":28},"end":{"line":20,"column":56}},"type":"binary-expr","locations":[{"start":{"line":20,"column":28},"end":{"line":20,"column":50}},{"start":{"line":20,"column":54},"end":{"line":20,"column":56}}],"line":20},"6":{"loc":{"start":{"line":34,"column":16},"end":{"line":34,"column":29}},"type":"binary-expr","locations":[{"start":{"line":34,"column":16},"end":{"line":34,"column":23}},{"start":{"line":34,"column":27},"end":{"line":34,"column":29}}],"line":34},"7":{"loc":{"start":{"line":42,"column":16},"end":{"line":42,"column":29}},"type":"binary-expr","locations":[{"start":{"line":42,"column":16},"end":{"line":42,"column":23}},{"start":{"line":42,"column":27},"end":{"line":42,"column":29}}],"line":42},"8":{"loc":{"start":{"line":54,"column":8},"end":{"line":56,"column":9}},"type":"if","locations":[{"start":{"line":54,"column":8},"end":{"line":56,"column":9}},{"start":{},"end":{}}],"line":54}},"s":{"0":0,"1":0,"2":0,"3":0,"4":0,"5":0,"6":0,"7":0,"8":0,"9":0,"10":0,"11":0,"12":0,"13":0,"14":0,"15":0,"16":0,"17":0,"18":0,"19":0,"20":0,"21":0,"22":0,"23":0,"24":0,"25":0,"26":0,"27":0,"28":0},"f":{"0":0,"1":0,"2":0,"3":0},"b":{"0":[0,0],"1":[0,0],"2":[0,0],"3":[0,0],"4":[0,0],"5":[0,0],"6":[0,0],"7":[0,0],"8":[0,0]}}
}
