TN:
SF:assets/themes.ts
FNF:0
FNH:0
DA:1,3
DA:12,3
DA:30,3
DA:45,3
DA:47,3
LF:5
LH:5
BRF:0
BRH:0
end_of_record
TN:
SF:components/base/AlertMessage.ts
FN:32,AlertMessage
FN:48,(anonymous_1)
FN:59,(anonymous_2)
FNF:3
FNH:2
FNDA:7,AlertMessage
FNDA:0,(anonymous_1)
FNDA:2,(anonymous_2)
DA:33,7
DA:35,7
DA:36,7
DA:37,6
DA:49,0
DA:50,0
DA:60,2
DA:61,1
LF:8
LH:6
BRDA:33,0,0,1
BRDA:33,0,1,6
BRDA:36,1,0,6
BRDA:36,1,1,1
BRDA:36,2,0,7
BRDA:36,2,1,2
BRDA:38,3,0,6
BRDA:38,3,1,5
BRDA:40,4,0,1
BRDA:40,4,1,5
BRDA:49,5,0,0
BRDA:49,5,1,0
BRDA:60,6,0,1
BRDA:60,6,1,1
BRF:14
BRH:12
end_of_record
TN:
SF:components/base/StyledButton.tsx
FN:16,(anonymous_0)
FNF:1
FNH:1
FNDA:12,(anonymous_0)
DA:16,3
DA:17,12
DA:18,12
LF:3
LH:3
BRDA:25,0,0,12
BRDA:25,0,1,4
BRDA:27,1,0,12
BRDA:27,1,1,4
BRF:4
BRH:4
end_of_record
TN:
SF:components/base/StyledDateTimePicker.tsx
FN:31,(anonymous_0)
FN:43,(anonymous_1)
FN:48,(anonymous_2)
FN:52,(anonymous_3)
FNF:4
FNH:4
FNDA:14,(anonymous_0)
FNDA:1,(anonymous_1)
FNDA:5,(anonymous_2)
FNDA:2,(anonymous_3)
DA:31,2
DA:41,14
DA:42,14
DA:43,14
DA:44,1
DA:45,1
DA:48,14
DA:49,5
DA:52,14
DA:53,2
DA:54,1
DA:55,1
DA:57,1
DA:60,14
LF:14
LH:14
BRDA:53,0,0,1
BRDA:53,0,1,1
BRF:2
BRH:2
end_of_record
TN:
SF:components/base/StyledIcon.tsx
FN:10,(anonymous_0)
FNF:1
FNH:0
FNDA:0,(anonymous_0)
DA:10,1
DA:11,0
LF:2
LH:1
BRDA:11,0,0,0
BRDA:11,0,1,0
BRDA:11,1,0,0
BRDA:11,1,1,0
BRF:4
BRH:0
end_of_record
TN:
SF:components/base/StyledImage.tsx
FN:6,(anonymous_0)
FN:11,(anonymous_1)
FN:17,(anonymous_2)
FNF:3
FNH:2
FNDA:6,(anonymous_0)
FNDA:6,(anonymous_1)
FNDA:0,(anonymous_2)
DA:6,3
DA:7,6
DA:8,6
DA:9,6
DA:11,6
DA:12,6
DA:13,0
DA:17,6
LF:8
LH:7
BRDA:12,0,0,0
BRDA:12,0,1,6
BRDA:17,1,0,0
BRDA:17,1,1,6
BRF:4
BRH:2
end_of_record
TN:
SF:components/base/StyledInput.tsx
FN:33,(anonymous_0)
FN:43,(anonymous_1)
FN:79,(anonymous_2)
FN:80,(anonymous_3)
FNF:4
FNH:0
FNDA:0,(anonymous_0)
FNDA:0,(anonymous_1)
FNDA:0,(anonymous_2)
FNDA:0,(anonymous_3)
DA:33,1
DA:34,0
DA:43,1
DA:44,0
DA:45,0
DA:63,0
DA:65,0
DA:79,0
DA:80,0
LF:9
LH:2
BRDA:34,0,0,0
BRDA:34,0,1,0
BRDA:52,1,0,0
BRDA:56,2,0,0
BRDA:57,3,0,0
BRDA:58,4,0,0
BRDA:59,5,0,0
BRDA:67,6,0,0
BRDA:67,6,1,0
BRDA:71,7,0,0
BRDA:71,7,1,0
BRDA:78,8,0,0
BRDA:78,8,1,0
BRDA:84,9,0,0
BRDA:84,9,1,0
BRDA:98,10,0,0
BRDA:98,10,1,0
BRDA:102,11,0,0
BRDA:102,11,1,0
BRF:19
BRH:0
end_of_record
TN:
SF:components/base/StyledInputForm.tsx
FN:38,(anonymous_0)
FN:61,(anonymous_1)
FN:65,(anonymous_2)
FN:71,(anonymous_3)
FNF:4
FNH:4
FNDA:12,(anonymous_0)
FNDA:1,(anonymous_1)
FNDA:9,(anonymous_2)
FNDA:1,(anonymous_3)
DA:38,2
DA:39,12
DA:50,12
DA:51,11
DA:53,11
DA:54,1
DA:55,1
DA:58,10
DA:59,10
DA:61,10
DA:62,1
DA:65,10
DA:66,9
DA:71,1
DA:77,10
LF:15
LH:15
BRDA:43,0,0,10
BRDA:45,1,0,10
BRDA:47,2,0,10
BRDA:53,3,0,1
BRDA:53,3,1,10
BRDA:53,4,0,11
BRDA:53,4,1,2
BRDA:58,5,0,10
BRDA:58,5,1,1
BRDA:59,6,0,10
BRDA:59,6,1,9
BRDA:62,7,0,1
BRDA:62,7,1,0
BRDA:83,8,0,10
BRDA:83,8,1,9
BRF:15
BRH:14
end_of_record
TN:
SF:components/base/StyledList.tsx
FN:22,(anonymous_0)
FN:24,(anonymous_1)
FN:36,keyExtractor
FN:42,renderFooter
FN:52,(anonymous_4)
FN:69,(anonymous_5)
FNF:6
FNH:2
FNDA:18,(anonymous_0)
FNDA:0,(anonymous_1)
FNDA:0,keyExtractor
FNDA:0,renderFooter
FNDA:16,(anonymous_4)
FNDA:0,(anonymous_5)
DA:22,3
DA:23,18
DA:24,16
DA:25,0
DA:26,0
DA:37,0
DA:38,0
DA:40,0
DA:43,0
DA:44,0
DA:50,0
DA:52,16
DA:53,16
DA:56,16
DA:69,0
LF:15
LH:6
BRDA:37,0,0,0
BRDA:37,0,1,0
BRDA:43,1,0,0
BRDA:43,1,1,0
BRDA:43,2,0,0
BRDA:43,2,1,0
BRDA:53,3,0,16
BRDA:53,3,1,16
BRF:8
BRH:2
end_of_record
TN:
SF:components/base/StyledNoData.tsx
FN:17,(anonymous_0)
FNF:1
FNH:1
FNDA:22,(anonymous_0)
DA:17,3
DA:26,22
LF:2
LH:2
BRDA:28,0,0,6
BRDA:28,0,1,16
BRDA:34,1,0,16
BRDA:34,1,1,14
BRDA:38,2,0,6
BRDA:38,2,1,16
BRDA:38,3,0,22
BRDA:38,3,1,8
BRF:8
BRH:8
end_of_record
TN:
SF:components/base/StyledSectionList.tsx
FN:38,(anonymous_0)
FN:53,(anonymous_1)
FN:56,(anonymous_2)
FN:60,(anonymous_3)
FN:67,(anonymous_4)
FN:79,keyExtractor
FN:85,renderFooter
FNF:7
FNH:4
FNDA:11,(anonymous_0)
FNDA:0,(anonymous_1)
FNDA:0,(anonymous_2)
FNDA:0,(anonymous_3)
FNDA:5,(anonymous_4)
FNDA:6,keyExtractor
FNDA:11,renderFooter
DA:38,2
DA:50,11
DA:51,11
DA:53,11
DA:54,0
DA:56,11
DA:57,0
DA:60,11
DA:61,0
DA:62,0
DA:63,0
DA:67,11
DA:68,5
DA:69,5
DA:80,6
DA:81,6
DA:83,0
DA:86,11
DA:87,1
DA:93,10
DA:96,11
LF:21
LH:15
BRDA:61,0,0,0
BRDA:61,0,1,0
BRDA:80,1,0,6
BRDA:80,1,1,0
BRDA:86,2,0,1
BRDA:86,2,1,10
BRDA:86,3,0,11
BRDA:86,3,1,6
BRF:8
BRH:5
end_of_record
TN:
SF:components/base/StyledText.tsx
FN:26,(anonymous_0)
FNF:1
FNH:0
FNDA:0,(anonymous_0)
DA:26,0
DA:27,0
DA:28,0
DA:32,0
DA:33,0
DA:34,0
DA:35,0
DA:37,0
DA:40,0
LF:9
LH:0
BRDA:32,0,0,0
BRDA:32,0,1,0
BRDA:34,1,0,0
BRDA:34,1,1,0
BRDA:34,2,0,0
BRDA:34,2,1,0
BRDA:34,3,0,0
BRDA:34,3,1,0
BRDA:37,4,0,0
BRDA:37,4,1,0
BRF:10
BRH:0
end_of_record
TN:
SF:components/base/StyledWebView.tsx
FN:7,(anonymous_0)
FN:14,(anonymous_1)
FN:19,(anonymous_2)
FNF:3
FNH:3
FNDA:13,(anonymous_0)
FNDA:13,(anonymous_1)
FNDA:13,(anonymous_2)
DA:7,1
DA:8,13
DA:15,13
DA:20,13
LF:4
LH:4
BRF:0
BRH:0
end_of_record
TN:
SF:components/base/modal/ModalizeManager.tsx
FN:15,(anonymous_0)
FN:18,(anonymous_1)
FN:19,(anonymous_2)
FN:24,(anonymous_3)
FN:37,(anonymous_4)
FN:45,(anonymous_5)
FN:57,(anonymous_6)
FN:63,(anonymous_7)
FN:64,(anonymous_8)
FN:69,(anonymous_9)
FN:71,(anonymous_10)
FN:77,(anonymous_11)
FN:78,(anonymous_12)
FN:81,(anonymous_13)
FN:88,(anonymous_14)
FN:89,(anonymous_15)
FN:96,(anonymous_16)
FN:97,(anonymous_17)
FN:102,(anonymous_18)
FNF:19
FNH:15
FNDA:14,(anonymous_0)
FNDA:16,(anonymous_1)
FNDA:4,(anonymous_2)
FNDA:0,(anonymous_3)
FNDA:0,(anonymous_4)
FNDA:16,(anonymous_5)
FNDA:0,(anonymous_6)
FNDA:16,(anonymous_7)
FNDA:10,(anonymous_8)
FNDA:10,(anonymous_9)
FNDA:10,(anonymous_10)
FNDA:2,(anonymous_11)
FNDA:2,(anonymous_12)
FNDA:0,(anonymous_13)
FNDA:2,(anonymous_14)
FNDA:4,(anonymous_15)
FNDA:2,(anonymous_16)
FNDA:2,(anonymous_17)
FNDA:4,(anonymous_18)
DA:8,2
DA:15,2
DA:16,14
DA:18,14
DA:19,16
DA:20,16
DA:24,0
DA:37,0
DA:46,16
DA:47,16
DA:48,16
DA:57,0
DA:58,0
DA:63,14
DA:64,16
DA:65,16
DA:66,10
DA:67,10
DA:69,10
DA:70,10
DA:71,10
DA:72,10
DA:77,14
DA:78,2
DA:79,2
DA:80,0
DA:81,0
DA:88,14
DA:89,2
DA:90,4
DA:91,4
DA:93,2
DA:96,14
DA:97,2
DA:98,2
DA:99,2
DA:100,2
DA:102,4
DA:103,2
DA:106,14
LF:40
LH:34
BRDA:19,0,0,16
BRDA:19,0,1,0
BRDA:32,1,0,2
BRDA:32,1,1,14
BRDA:33,2,0,2
BRDA:33,2,1,14
BRDA:36,3,0,2
BRDA:36,3,1,14
BRDA:65,4,0,10
BRDA:65,4,1,6
BRDA:79,5,0,0
BRDA:79,5,1,2
BRDA:79,6,0,2
BRDA:79,6,1,2
BRDA:98,7,0,2
BRDA:98,7,1,0
BRF:16
BRH:13
end_of_record
TN:
SF:provider/index.tsx
FN:17,Provider
FN:24,(anonymous_1)
FN:30,(anonymous_2)
FNF:3
FNH:0
FNDA:0,Provider
FNDA:0,(anonymous_1)
FNDA:0,(anonymous_2)
DA:13,0
DA:15,0
DA:18,0
DA:19,0
DA:24,0
DA:25,0
DA:26,0
DA:30,0
DA:31,0
DA:32,0
DA:35,0
DA:36,0
DA:39,0
LF:13
LH:0
BRDA:25,0,0,0
BRDA:25,0,1,0
BRDA:35,1,0,0
BRDA:35,1,1,0
BRDA:41,2,0,0
BRDA:41,2,1,0
BRF:6
BRH:0
end_of_record
TN:
SF:utils/constants.ts
FNF:0
FNH:0
DA:1,1
DA:6,1
DA:11,1
DA:24,1
DA:26,1
LF:5
LH:5
BRF:0
BRH:0
end_of_record
TN:
SF:utils/helper.ts
FN:9,wait
FN:10,(anonymous_1)
FN:15,logger
FN:26,(anonymous_3)
FN:28,(anonymous_4)
FN:35,(anonymous_5)
FNF:6
FNH:1
FNDA:0,wait
FNDA:0,(anonymous_1)
FNDA:0,logger
FNDA:0,(anonymous_3)
FNDA:0,(anonymous_4)
FNDA:8,(anonymous_5)
DA:5,2
DA:7,2
DA:10,0
DA:11,0
DA:16,0
DA:17,0
DA:18,0
DA:20,0
DA:21,0
DA:22,0
DA:26,2
DA:27,0
DA:28,0
DA:29,0
DA:30,0
DA:35,2
DA:36,8
LF:17
LH:5
BRDA:16,0,0,0
BRDA:16,0,1,0
BRDA:16,1,0,0
BRDA:16,1,1,0
BRDA:17,2,0,0
BRDA:17,2,1,0
BRDA:20,3,0,0
BRDA:20,3,1,0
BRDA:20,4,0,0
BRDA:20,4,1,0
BRDA:21,5,0,0
BRDA:21,5,1,0
BRDA:27,6,0,0
BRDA:27,6,1,0
BRDA:36,7,0,8
BRDA:36,7,1,8
BRF:16
BRH:2
end_of_record
TN:
SF:utils/logger.ts
FN:2,logger
FN:11,apiLogger
FNF:2
FNH:2
FNDA:9,logger
FNDA:4,apiLogger
DA:3,9
DA:4,6
DA:6,9
DA:7,1
DA:12,4
DA:13,3
LF:6
LH:6
BRDA:3,0,0,6
BRDA:3,0,1,3
BRDA:3,1,0,9
BRDA:3,1,1,7
BRDA:6,2,0,1
BRDA:6,2,1,8
BRDA:6,3,0,9
BRDA:6,3,1,7
BRDA:12,4,0,3
BRDA:12,4,1,1
BRF:10
BRH:10
end_of_record
TN:
SF:utils/metrics.ts
FNF:0
FNH:0
DA:10,15
DA:12,15
DA:13,15
DA:15,15
DA:16,15
LF:5
LH:5
BRDA:12,0,0,3
BRDA:12,0,1,12
BRDA:13,1,0,1
BRDA:13,1,1,14
BRDA:15,2,0,3
BRDA:15,2,1,12
BRDA:15,3,0,1
BRDA:15,3,1,11
BRDA:17,4,0,11
BRDA:17,4,1,4
BRDA:18,5,0,12
BRDA:18,5,1,3
BRDA:19,6,0,12
BRDA:19,6,1,3
BRF:14
BRH:14
end_of_record
TN:
SF:utils/validate.ts
FNF:0
FNH:0
DA:2,2
DA:3,2
DA:4,2
DA:5,2
DA:7,2
DA:8,2
DA:10,2
DA:11,2
LF:8
LH:8
BRF:0
BRH:0
end_of_record
